Log file open, 10/21/20 14:25:52
LogInit: Display: Running engine for game: EnvironmentArt_RShef
LogPlatformFile: Not using cached read wrapper
LogTaskGraph: Started task graph with 5 named threads and 35 total threads with 3 sets of task threads.
LogStats: Stats thread started at 0.262370
LogD3D11RHI: Loaded GFSDK_Aftermath_Lib.x64.dll
LogICUInternationalization: ICU TimeZone Detection - Raw Offset: -7:00, Platform Override: ''
LogPluginManager: Mounting plugin Paper2D
LogPluginManager: Mounting plugin AISupport
LogPluginManager: Mounting plugin LightPropagationVolume
LogPluginManager: Mounting plugin CameraShakePreviewer
LogPluginManager: Mounting plugin ActorLayerUtilities
LogPluginManager: Mounting plugin AnimationSharing
LogPluginManager: Mounting plugin CLionSourceCodeAccess
LogPluginManager: Mounting plugin CodeLiteSourceCodeAccess
LogPluginManager: Mounting plugin GitSourceControl
LogPluginManager: Mounting plugin KDevelopSourceCodeAccess
LogPluginManager: Mounting plugin NullSourceCodeAccess
LogPluginManager: Mounting plugin PerforceSourceControl
LogPluginManager: Mounting plugin PlasticSourceControl
LogPluginManager: Mounting plugin RiderSourceCodeAccess
LogPluginManager: Mounting plugin SubversionSourceControl
LogPluginManager: Mounting plugin UObjectPlugin
LogPluginManager: Mounting plugin VisualStudioCodeSourceCodeAccess
LogPluginManager: Mounting plugin VisualStudioSourceCodeAccess
LogPluginManager: Mounting plugin XCodeSourceCodeAccess
LogPluginManager: Mounting plugin AssetManagerEditor
LogPluginManager: Mounting plugin CryptoKeys
LogPluginManager: Mounting plugin CurveEditorTools
LogPluginManager: Mounting plugin DataValidation
LogPluginManager: Mounting plugin EditorScriptingUtilities
LogPluginManager: Mounting plugin FacialAnimation
LogPluginManager: Mounting plugin GameplayTagsEditor
LogPluginManager: Mounting plugin GeometryMode
LogPluginManager: Mounting plugin MacGraphicsSwitching
LogPluginManager: Mounting plugin MaterialAnalyzer
LogPluginManager: Mounting plugin MobileLauncherProfileWizard
LogPluginManager: Mounting plugin PluginBrowser
LogPluginManager: Mounting plugin SpeedTreeImporter
LogPluginManager: Mounting plugin DatasmithContent
LogPluginManager: Mounting plugin VariantManagerContent
LogPluginManager: Mounting plugin AlembicImporter
LogPluginManager: Mounting plugin AutomationUtils
LogPluginManager: Mounting plugin BackChannel
LogPluginManager: Mounting plugin ChaosCloth
LogPluginManager: Mounting plugin ChaosClothEditor
LogPluginManager: Mounting plugin ChaosEditor
LogPluginManager: Mounting plugin ChaosNiagara
LogPluginManager: Mounting plugin ChaosSolverPlugin
LogPluginManager: Mounting plugin CharacterAI
LogPluginManager: Mounting plugin GeometryCache
LogPluginManager: Mounting plugin GeometryCollectionPlugin
LogPluginManager: Mounting plugin GeometryProcessing
LogPluginManager: Mounting plugin PlanarCut
LogPluginManager: Mounting plugin PlatformCrypto
LogPluginManager: Mounting plugin ProxyLODPlugin
LogPluginManager: Mounting plugin SkeletalReduction
LogPluginManager: Mounting plugin Niagara
LogPluginManager: Mounting plugin MagicLeap
LogPluginManager: Mounting plugin MagicLeapLightEstimation
LogPluginManager: Mounting plugin MagicLeapMedia
LogPluginManager: Mounting plugin MagicLeapPassableWorld
LogPluginManager: Mounting plugin MLSDK
LogPluginManager: Mounting plugin AndroidMedia
LogPluginManager: Mounting plugin AvfMedia
LogPluginManager: Mounting plugin ImgMedia
LogPluginManager: Mounting plugin MediaCompositing
LogPluginManager: Mounting plugin MediaPlayerEditor
LogPluginManager: Mounting plugin WebMMedia
LogPluginManager: Mounting plugin WmfMedia
LogPluginManager: Mounting plugin MeshPainting
LogPluginManager: Mounting plugin TcpMessaging
LogPluginManager: Mounting plugin UdpMessaging
LogPluginManager: Mounting plugin ActorSequence
LogPluginManager: Mounting plugin LevelSequenceEditor
LogPluginManager: Mounting plugin MatineeToLevelSequence
LogPluginManager: Mounting plugin MovieRenderPipeline
LogPluginManager: Mounting plugin TemplateSequence
LogPluginManager: Mounting plugin NetcodeUnitTest
LogPluginManager: Mounting plugin NUTUnrealEngine4
LogPluginManager: Mounting plugin OnlineSubsystemGooglePlay
LogPluginManager: Mounting plugin OnlineSubsystemIOS
LogPluginManager: Mounting plugin OnlineSubsystem
LogPluginManager: Mounting plugin OnlineSubsystemNull
LogPluginManager: Mounting plugin OnlineSubsystemUtils
LogPluginManager: Mounting plugin LauncherChunkInstaller
LogPluginManager: Mounting plugin AndroidDeviceProfileSelector
LogPluginManager: Mounting plugin AndroidMoviePlayer
LogPluginManager: Mounting plugin AndroidPermission
LogPluginManager: Mounting plugin AppleImageUtils
LogPluginManager: Mounting plugin AppleMoviePlayer
LogPluginManager: Mounting plugin ArchVisCharacter
LogPluginManager: Mounting plugin AssetTags
LogPluginManager: Mounting plugin AudioCapture
LogPluginManager: Mounting plugin CableComponent
LogPluginManager: Mounting plugin CustomMeshComponent
LogPluginManager: Mounting plugin EditableMesh
LogPluginManager: Mounting plugin ExampleDeviceProfileSelector
LogPluginManager: Mounting plugin GoogleCloudMessaging
LogPluginManager: Mounting plugin GooglePAD
LogPluginManager: Mounting plugin HoudiniEngine
LogPluginManager: Mounting plugin IOSDeviceProfileSelector
LogPluginManager: Mounting plugin LinuxDeviceProfileSelector
LogPluginManager: Mounting plugin LocationServicesBPLibrary
LogPluginManager: Mounting plugin MobilePatchingUtils
LogPluginManager: Mounting plugin OculusVR
LogPluginManager: Mounting plugin PhysXVehicles
LogPluginManager: Mounting plugin PostSplashScreen
LogPluginManager: Mounting plugin ProceduralMeshComponent
LogPluginManager: Mounting plugin RuntimePhysXCooking
LogPluginManager: Mounting plugin SignificanceManager
LogPluginManager: Mounting plugin SoundFields
LogPluginManager: Mounting plugin SteamVR
LogPluginManager: Mounting plugin Synthesis
LogPluginManager: Mounting plugin WebMMoviePlayer
LogPluginManager: Mounting plugin WindowsMoviePlayer
LogPluginManager: Mounting plugin ScreenshotTools
LogInit: Using libcurl 7.55.1-DEV
LogInit:  - built for x86_64-pc-win32
LogInit:  - supports SSL with OpenSSL/1.1.1
LogInit:  - supports HTTP deflate (compression) using libz 1.2.8
LogInit:  - other features:
LogInit:      CURL_VERSION_SSL
LogInit:      CURL_VERSION_LIBZ
LogInit:      CURL_VERSION_IPV6
LogInit:      CURL_VERSION_ASYNCHDNS
LogInit:      CURL_VERSION_LARGEFILE
LogInit:      CURL_VERSION_IDN
LogInit:  CurlRequestOptions (configurable via config and command line):
LogInit:  - bVerifyPeer = true  - Libcurl will verify peer certificate
LogInit:  - bUseHttpProxy = false  - Libcurl will NOT use HTTP proxy
LogInit:  - bDontReuseConnections = false  - Libcurl will reuse connections
LogInit:  - MaxHostConnections = 16  - Libcurl will limit the number of connections to a host
LogInit:  - LocalHostAddr = Default
LogInit:  - BufferSize = 65536
LogOnline: OSS: Creating online subsystem instance for: NULL
LogInit: WinSock: version 1.1 (2.2), MaxSocks=32767, MaxUdp=65467
LogOnline: OSS: TryLoadSubsystemAndSetDefault: Loaded subsystem for module [NULL]
LogInit: Build: ++UE4+Release-4.25-CL-13942748
LogInit: Engine Version: 4.25.3-13942748+++UE4+Release-4.25
LogInit: Compatible Engine Version: 4.25.0-13144385+++UE4+Release-4.25
LogInit: Net CL: 13144385
LogInit: OS: Windows 10 (Release 2004) (), CPU: AMD Ryzen 5 2600 Six-Core Processor            , GPU: Radeon RX 590 Series
LogInit: Compiled (64-bit): Jul 25 2020 02:07:48
LogInit: Compiled with Visual C++: 19.24.28315.00
LogInit: Build Configuration: Development
LogInit: Branch Name: ++UE4+Release-4.25
LogInit: Command Line:  -EpicPortal -epicusername=r2shef2 -epicuserid=744bb723c6f04a5f82bd8d7fe793ea45 -epiclocale=en
LogInit: Base Directory: C:/Program Files/Epic Games/UE_4.25/Engine/Binaries/Win64/
LogInit: Allocator: TBB
LogInit: Installed Engine Build: 1
LogDevObjectVersion: Number of dev versions registered: 26
LogDevObjectVersion:   Dev-Blueprints (B0D832E4-1F89-4F0D-ACCF-7EB736FD4AA2): 10
LogDevObjectVersion:   Dev-Build (E1C64328-A22C-4D53-A36C-8E866417BD8C): 0
LogDevObjectVersion:   Dev-Core (375EC13C-06E4-48FB-B500-84F0262A717E): 4
LogDevObjectVersion:   Dev-Editor (E4B068ED-F494-42E9-A231-DA0B2E46BB41): 38
LogDevObjectVersion:   Dev-Framework (CFFC743F-43B0-4480-9391-14DF171D2073): 37
LogDevObjectVersion:   Dev-Mobile (B02B49B5-BB20-44E9-A304-32B752E40360): 2
LogDevObjectVersion:   Dev-Networking (A4E4105C-59A1-49B5-A7C5-40C4547EDFEE): 0
LogDevObjectVersion:   Dev-Online (39C831C9-5AE6-47DC-9A44-9C173E1C8E7C): 0
LogDevObjectVersion:   Dev-Physics (78F01B33-EBEA-4F98-B9B4-84EACCB95AA2): 4
LogDevObjectVersion:   Dev-Platform (6631380F-2D4D-43E0-8009-CF276956A95A): 0
LogDevObjectVersion:   Dev-Rendering (12F88B9F-8875-4AFC-A67C-D90C383ABD29): 43
LogDevObjectVersion:   Dev-Sequencer (7B5AE74C-D270-4C10-A958-57980B212A5A): 12
LogDevObjectVersion:   Dev-VR (D7296918-1DD6-4BDD-9DE2-64A83CC13884): 3
LogDevObjectVersion:   Dev-LoadTimes (C2A15278-BFE7-4AFE-6C17-90FF531DF755): 1
LogDevObjectVersion:   Private-Geometry (6EACA3D4-40EC-4CC1-B786-8BED09428FC5): 3
LogDevObjectVersion:   Dev-AnimPhys (29E575DD-E0A3-4627-9D10-D276232CDCEA): 17
LogDevObjectVersion:   Dev-Anim (AF43A65D-7FD3-4947-9873-3E8ED9C1BB05): 7
LogDevObjectVersion:   Dev-ReflectionCapture (6B266CEC-1EC7-4B8F-A30B-E4D90942FC07): 1
LogDevObjectVersion:   Dev-Automation (0DF73D61-A23F-47EA-B727-89E90C41499A): 1
LogDevObjectVersion:   FortniteMain (601D1886-AC64-4F84-AA16-D3DE0DEAC7D6): 31
LogDevObjectVersion:   Dev-Enterprise (9DFFBCD6-494F-0158-E221-12823C92A888): 10
LogDevObjectVersion:   Dev-Niagara (F2AED0AC-9AFE-416F-8664-AA7FFA26D6FC): 1
LogDevObjectVersion:   Dev-Destruction (174F1F0B-B4C6-45A5-B13F-2EE8D0FB917D): 10
LogDevObjectVersion:   Dev-Physics-Ext (35F94A83-E258-406C-A318-09F59610247C): 37
LogDevObjectVersion:   Dev-PhysicsMaterial-Chaos (B68FC16E-8B1B-42E2-B453-215C058844FE): 1
LogDevObjectVersion:   Dev-CineCamera (B2E18506-4273-CFC2-A54E-F4BB758BBA07): 1
LogInit: Presizing for max 25165824 objects, including 0 objects not considered by GC, pre-allocating 0 bytes for permanent pool.
LogConfig: Applying CVar settings from Section [/Script/Engine.StreamingSettings] File [D:/Designed Games/Dissolve/EnvironmentArt/Saved/Config/Windows/Engine.ini]
LogConfig: Setting CVar [[s.MinBulkDataSizeForAsyncLoading:131072]]
LogConfig: Setting CVar [[s.AsyncLoadingThreadEnabled:0]]
LogConfig: Setting CVar [[s.EventDrivenLoaderEnabled:1]]
LogConfig: Setting CVar [[s.WarnIfTimeLimitExceeded:0]]
LogConfig: Setting CVar [[s.TimeLimitExceededMultiplier:1.5]]
LogConfig: Setting CVar [[s.TimeLimitExceededMinTime:0.005]]
LogConfig: Setting CVar [[s.UseBackgroundLevelStreaming:1]]
LogConfig: Setting CVar [[s.PriorityAsyncLoadingExtraTime:15.0]]
LogConfig: Setting CVar [[s.LevelStreamingActorsUpdateTimeLimit:5.0]]
LogConfig: Setting CVar [[s.PriorityLevelStreamingActorsUpdateExtraTime:5.0]]
LogConfig: Setting CVar [[s.LevelStreamingComponentsRegistrationGranularity:10]]
LogConfig: Setting CVar [[s.UnregisterComponentsTimeLimit:1.0]]
LogConfig: Setting CVar [[s.LevelStreamingComponentsUnregistrationGranularity:5]]
LogConfig: Setting CVar [[s.FlushStreamingOnExit:1]]
LogInit: Object subsystem initialized
LogConfig: Setting CVar [[con.DebugEarlyDefault:1]]
LogConfig: Setting CVar [[r.setres:1280x720]]
[2020.10.21-20.25.52:907][  0]LogConfig: Setting CVar [[r.VSync:0]]
[2020.10.21-20.25.52:907][  0]LogConfig: Setting CVar [[r.RHICmdBypass:0]]
[2020.10.21-20.25.52:907][  0]LogConfig: Applying CVar settings from Section [/Script/Engine.RendererSettings] File [D:/Designed Games/Dissolve/EnvironmentArt/Saved/Config/Windows/Engine.ini]
[2020.10.21-20.25.52:907][  0]LogConfig: Setting CVar [[r.GPUCrashDebugging:0]]
[2020.10.21-20.25.52:907][  0]LogConfig: Applying CVar settings from Section [/Script/Engine.RendererOverrideSettings] File [D:/Designed Games/Dissolve/EnvironmentArt/Saved/Config/Windows/Engine.ini]
[2020.10.21-20.25.52:907][  0]LogConfig: Applying CVar settings from Section [/Script/Engine.StreamingSettings] File [D:/Designed Games/Dissolve/EnvironmentArt/Saved/Config/Windows/Engine.ini]
[2020.10.21-20.25.52:907][  0]LogConfig: Setting CVar [[s.MinBulkDataSizeForAsyncLoading:131072]]
[2020.10.21-20.25.52:907][  0]LogConfig: Setting CVar [[s.AsyncLoadingThreadEnabled:0]]
[2020.10.21-20.25.52:907][  0]LogConfig: Setting CVar [[s.EventDrivenLoaderEnabled:1]]
[2020.10.21-20.25.52:907][  0]LogConfig: Setting CVar [[s.WarnIfTimeLimitExceeded:0]]
[2020.10.21-20.25.52:907][  0]LogConfig: Setting CVar [[s.TimeLimitExceededMultiplier:1.5]]
[2020.10.21-20.25.52:907][  0]LogConfig: Setting CVar [[s.TimeLimitExceededMinTime:0.005]]
[2020.10.21-20.25.52:907][  0]LogConfig: Setting CVar [[s.UseBackgroundLevelStreaming:1]]
[2020.10.21-20.25.52:907][  0]LogConfig: Setting CVar [[s.PriorityAsyncLoadingExtraTime:15.0]]
[2020.10.21-20.25.52:907][  0]LogConfig: Setting CVar [[s.LevelStreamingActorsUpdateTimeLimit:5.0]]
[2020.10.21-20.25.52:907][  0]LogConfig: Setting CVar [[s.PriorityLevelStreamingActorsUpdateExtraTime:5.0]]
[2020.10.21-20.25.52:907][  0]LogConfig: Setting CVar [[s.LevelStreamingComponentsRegistrationGranularity:10]]
[2020.10.21-20.25.52:907][  0]LogConfig: Setting CVar [[s.UnregisterComponentsTimeLimit:1.0]]
[2020.10.21-20.25.52:907][  0]LogConfig: Setting CVar [[s.LevelStreamingComponentsUnregistrationGranularity:5]]
[2020.10.21-20.25.52:907][  0]LogConfig: Setting CVar [[s.FlushStreamingOnExit:1]]
[2020.10.21-20.25.52:907][  0]LogConfig: Applying CVar settings from Section [/Script/Engine.GarbageCollectionSettings] File [D:/Designed Games/Dissolve/EnvironmentArt/Saved/Config/Windows/Engine.ini]
[2020.10.21-20.25.52:907][  0]LogConfig: Setting CVar [[gc.MaxObjectsNotConsideredByGC:1]]
[2020.10.21-20.25.52:907][  0]LogConfig: Setting CVar [[gc.SizeOfPermanentObjectPool:0]]
[2020.10.21-20.25.52:907][  0]LogConfig: Setting CVar [[gc.FlushStreamingOnGC:0]]
[2020.10.21-20.25.52:907][  0]LogConfig: Setting CVar [[gc.NumRetriesBeforeForcingGC:10]]
[2020.10.21-20.25.52:907][  0]LogConfig: Setting CVar [[gc.AllowParallelGC:1]]
[2020.10.21-20.25.52:907][  0]LogConfig: Setting CVar [[gc.TimeBetweenPurgingPendingKillObjects:61.1]]
[2020.10.21-20.25.52:907][  0]LogConfig: Setting CVar [[gc.MaxObjectsInEditor:25165824]]
[2020.10.21-20.25.52:907][  0]LogConfig: Setting CVar [[gc.IncrementalBeginDestroyEnabled:1]]
[2020.10.21-20.25.52:907][  0]LogConfig: Setting CVar [[gc.CreateGCClusters:1]]
[2020.10.21-20.25.52:907][  0]LogConfig: Setting CVar [[gc.MinGCClusterSize:5]]
[2020.10.21-20.25.52:907][  0]LogConfig: Setting CVar [[gc.ActorClusteringEnabled:0]]
[2020.10.21-20.25.52:907][  0]LogConfig: Setting CVar [[gc.BlueprintClusteringEnabled:0]]
[2020.10.21-20.25.52:907][  0]LogConfig: Setting CVar [[gc.UseDisregardForGCOnDedicatedServers:0]]
[2020.10.21-20.25.52:907][  0]LogConfig: Applying CVar settings from Section [/Script/Engine.NetworkSettings] File [D:/Designed Games/Dissolve/EnvironmentArt/Saved/Config/Windows/Engine.ini]
[2020.10.21-20.25.52:907][  0]LogConfig: Applying CVar settings from Section [/Script/UnrealEd.CookerSettings] File [D:/Designed Games/Dissolve/EnvironmentArt/Saved/Config/Windows/Engine.ini]
[2020.10.21-20.25.52:914][  0]LogConfig: Applying CVar settings from Section [ViewDistanceQuality@3] File [D:/Designed Games/Dissolve/EnvironmentArt/Saved/Config/Windows/Scalability.ini]
[2020.10.21-20.25.52:914][  0]LogConfig: Setting CVar [[r.SkeletalMeshLODBias:0]]
[2020.10.21-20.25.52:914][  0]LogConfig: Setting CVar [[r.ViewDistanceScale:1.0]]
[2020.10.21-20.25.52:914][  0]LogConfig: Applying CVar settings from Section [AntiAliasingQuality@3] File [D:/Designed Games/Dissolve/EnvironmentArt/Saved/Config/Windows/Scalability.ini]
[2020.10.21-20.25.52:914][  0]LogConfig: Setting CVar [[r.PostProcessAAQuality:4]]
[2020.10.21-20.25.52:914][  0]LogConfig: Applying CVar settings from Section [ShadowQuality@3] File [D:/Designed Games/Dissolve/EnvironmentArt/Saved/Config/Windows/Scalability.ini]
[2020.10.21-20.25.52:914][  0]LogConfig: Setting CVar [[r.LightFunctionQuality:1]]
[2020.10.21-20.25.52:914][  0]LogConfig: Setting CVar [[r.ShadowQuality:5]]
[2020.10.21-20.25.52:914][  0]LogConfig: Setting CVar [[r.Shadow.CSM.MaxCascades:10]]
[2020.10.21-20.25.52:914][  0]LogConfig: Setting CVar [[r.Shadow.MaxResolution:2048]]
[2020.10.21-20.25.52:914][  0]LogConfig: Setting CVar [[r.Shadow.MaxCSMResolution:2048]]
[2020.10.21-20.25.52:914][  0]LogConfig: Setting CVar [[r.Shadow.RadiusThreshold:0.01]]
[2020.10.21-20.25.52:915][  0]LogConfig: Setting CVar [[r.Shadow.DistanceScale:1.0]]
[2020.10.21-20.25.52:915][  0]LogConfig: Setting CVar [[r.Shadow.CSM.TransitionScale:1.0]]
[2020.10.21-20.25.52:915][  0]LogConfig: Setting CVar [[r.Shadow.PreShadowResolutionFactor:1.0]]
[2020.10.21-20.25.52:915][  0]LogConfig: Setting CVar [[r.DistanceFieldShadowing:1]]
[2020.10.21-20.25.52:915][  0]LogConfig: Setting CVar [[r.DistanceFieldAO:1]]
[2020.10.21-20.25.52:915][  0]LogConfig: Setting CVar [[r.AOQuality:2]]
[2020.10.21-20.25.52:915][  0]LogConfig: Setting CVar [[r.VolumetricFog:1]]
[2020.10.21-20.25.52:915][  0]LogConfig: Setting CVar [[r.VolumetricFog.GridPixelSize:8]]
[2020.10.21-20.25.52:915][  0]LogConfig: Setting CVar [[r.VolumetricFog.GridSizeZ:128]]
[2020.10.21-20.25.52:915][  0]LogConfig: Setting CVar [[r.VolumetricFog.HistoryMissSupersampleCount:4]]
[2020.10.21-20.25.52:915][  0]LogConfig: Setting CVar [[r.LightMaxDrawDistanceScale:1]]
[2020.10.21-20.25.52:915][  0]LogConfig: Setting CVar [[r.CapsuleShadows:1]]
[2020.10.21-20.25.52:915][  0]LogConfig: Applying CVar settings from Section [PostProcessQuality@3] File [D:/Designed Games/Dissolve/EnvironmentArt/Saved/Config/Windows/Scalability.ini]
[2020.10.21-20.25.52:915][  0]LogConfig: Setting CVar [[r.MotionBlurQuality:4]]
[2020.10.21-20.25.52:915][  0]LogConfig: Setting CVar [[r.AmbientOcclusionMipLevelFactor:0.4]]
[2020.10.21-20.25.52:915][  0]LogConfig: Setting CVar [[r.AmbientOcclusionMaxQuality:100]]
[2020.10.21-20.25.52:915][  0]LogConfig: Setting CVar [[r.AmbientOcclusionLevels:-1]]
[2020.10.21-20.25.52:915][  0]LogConfig: Setting CVar [[r.AmbientOcclusionRadiusScale:1.0]]
[2020.10.21-20.25.52:915][  0]LogConfig: Setting CVar [[r.DepthOfFieldQuality:2]]
[2020.10.21-20.25.52:915][  0]LogConfig: Setting CVar [[r.RenderTargetPoolMin:400]]
[2020.10.21-20.25.52:915][  0]LogConfig: Setting CVar [[r.LensFlareQuality:2]]
[2020.10.21-20.25.52:915][  0]LogConfig: Setting CVar [[r.SceneColorFringeQuality:1]]
[2020.10.21-20.25.52:915][  0]LogConfig: Setting CVar [[r.EyeAdaptationQuality:2]]
[2020.10.21-20.25.52:915][  0]LogConfig: Setting CVar [[r.BloomQuality:5]]
[2020.10.21-20.25.52:915][  0]LogConfig: Setting CVar [[r.FastBlurThreshold:100]]
[2020.10.21-20.25.52:915][  0]LogConfig: Setting CVar [[r.Upscale.Quality:3]]
[2020.10.21-20.25.52:915][  0]LogConfig: Setting CVar [[r.Tonemapper.GrainQuantization:1]]
[2020.10.21-20.25.52:915][  0]LogConfig: Setting CVar [[r.LightShaftQuality:1]]
[2020.10.21-20.25.52:915][  0]LogConfig: Setting CVar [[r.Filter.SizeScale:1]]
[2020.10.21-20.25.52:915][  0]LogConfig: Setting CVar [[r.Tonemapper.Quality:5]]
[2020.10.21-20.25.52:915][  0]LogConfig: Setting CVar [[r.DOF.Gather.AccumulatorQuality:1        ; higher gathering accumulator quality]]
[2020.10.21-20.25.52:915][  0]LogConfig: Setting CVar [[r.DOF.Gather.PostfilterMethod:1          ; Median3x3 postfilering method]]
[2020.10.21-20.25.52:915][  0]LogConfig: Setting CVar [[r.DOF.Gather.EnableBokehSettings:0       ; no bokeh simulation when gathering]]
[2020.10.21-20.25.52:915][  0]LogConfig: Setting CVar [[r.DOF.Gather.RingCount:4                 ; medium number of samples when gathering]]
[2020.10.21-20.25.52:915][  0]LogConfig: Setting CVar [[r.DOF.Scatter.ForegroundCompositing:1    ; additive foreground scattering]]
[2020.10.21-20.25.52:915][  0]LogConfig: Setting CVar [[r.DOF.Scatter.BackgroundCompositing:2    ; additive background scattering]]
[2020.10.21-20.25.52:915][  0]LogConfig: Setting CVar [[r.DOF.Scatter.EnableBokehSettings:1      ; bokeh simulation when scattering]]
[2020.10.21-20.25.52:915][  0]LogConfig: Setting CVar [[r.DOF.Scatter.MaxSpriteRatio:0.1         ; only a maximum of 10% of scattered bokeh]]
[2020.10.21-20.25.52:915][  0]LogConfig: Setting CVar [[r.DOF.Recombine.Quality:1                ; cheap slight out of focus]]
[2020.10.21-20.25.52:915][  0]LogConfig: Setting CVar [[r.DOF.Recombine.EnableBokehSettings:0    ; no bokeh simulation on slight out of focus]]
[2020.10.21-20.25.52:915][  0]LogConfig: Setting CVar [[r.DOF.TemporalAAQuality:1                ; more stable temporal accumulation]]
[2020.10.21-20.25.52:915][  0]LogConfig: Setting CVar [[r.DOF.Kernel.MaxForegroundRadius:0.025]]
[2020.10.21-20.25.52:915][  0]LogConfig: Setting CVar [[r.DOF.Kernel.MaxBackgroundRadius:0.025]]
[2020.10.21-20.25.52:915][  0]LogConfig: Applying CVar settings from Section [TextureQuality@3] File [D:/Designed Games/Dissolve/EnvironmentArt/Saved/Config/Windows/Scalability.ini]
[2020.10.21-20.25.52:915][  0]LogConfig: Setting CVar [[r.Streaming.MipBias:0]]
[2020.10.21-20.25.52:915][  0]LogConfig: Setting CVar [[r.Streaming.AmortizeCPUToGPUCopy:0]]
[2020.10.21-20.25.52:915][  0]LogConfig: Setting CVar [[r.Streaming.MaxNumTexturesToStreamPerFrame:0]]
[2020.10.21-20.25.52:915][  0]LogConfig: Setting CVar [[r.Streaming.Boost:1]]
[2020.10.21-20.25.52:915][  0]LogConfig: Setting CVar [[r.MaxAnisotropy:8]]
[2020.10.21-20.25.52:915][  0]LogConfig: Setting CVar [[r.VT.MaxAnisotropy:8]]
[2020.10.21-20.25.52:915][  0]LogConfig: Setting CVar [[r.Streaming.LimitPoolSizeToVRAM:0]]
[2020.10.21-20.25.52:915][  0]LogConfig: Setting CVar [[r.Streaming.PoolSize:1000]]
[2020.10.21-20.25.52:915][  0]LogConfig: Setting CVar [[r.Streaming.MaxEffectiveScreenSize:0]]
[2020.10.21-20.25.52:915][  0]LogConfig: Applying CVar settings from Section [EffectsQuality@3] File [D:/Designed Games/Dissolve/EnvironmentArt/Saved/Config/Windows/Scalability.ini]
[2020.10.21-20.25.52:915][  0]LogConfig: Setting CVar [[r.TranslucencyLightingVolumeDim:64]]
[2020.10.21-20.25.52:915][  0]LogConfig: Setting CVar [[r.RefractionQuality:2]]
[2020.10.21-20.25.52:915][  0]LogConfig: Setting CVar [[r.SSR.Quality:3]]
[2020.10.21-20.25.52:915][  0]LogConfig: Setting CVar [[r.SSR.HalfResSceneColor:0]]
[2020.10.21-20.25.52:915][  0]LogConfig: Setting CVar [[r.SceneColorFormat:4]]
[2020.10.21-20.25.52:915][  0]LogConfig: Setting CVar [[r.DetailMode:2]]
[2020.10.21-20.25.52:915][  0]LogConfig: Setting CVar [[r.TranslucencyVolumeBlur:1]]
[2020.10.21-20.25.52:915][  0]LogConfig: Setting CVar [[r.MaterialQualityLevel:1 ; High quality]]
[2020.10.21-20.25.52:915][  0]LogConfig: Setting CVar [[r.SSS.Scale:1]]
[2020.10.21-20.25.52:915][  0]LogConfig: Setting CVar [[r.SSS.SampleSet:2]]
[2020.10.21-20.25.52:915][  0]LogConfig: Setting CVar [[r.SSS.Quality:1]]
[2020.10.21-20.25.52:916][  0]LogConfig: Setting CVar [[r.SSS.HalfRes:0]]
[2020.10.21-20.25.52:916][  0]LogConfig: Setting CVar [[r.SSGI.Quality:3]]
[2020.10.21-20.25.52:916][  0]LogConfig: Setting CVar [[r.EmitterSpawnRateScale:1.0]]
[2020.10.21-20.25.52:916][  0]LogConfig: Setting CVar [[r.ParticleLightQuality:2]]
[2020.10.21-20.25.52:916][  0]LogConfig: Setting CVar [[r.SkyAtmosphere.AerialPerspectiveLUT.FastApplyOnOpaque:1 ; Always have FastSkyLUT 1 in this case to avoid wrong sky]]
[2020.10.21-20.25.52:916][  0]LogConfig: Setting CVar [[r.SkyAtmosphere.AerialPerspectiveLUT.SampleCountPerSlice:1]]
[2020.10.21-20.25.52:916][  0]LogConfig: Setting CVar [[r.SkyAtmosphere.AerialPerspectiveLUT.DepthResolution:16.0]]
[2020.10.21-20.25.52:916][  0]LogConfig: Setting CVar [[r.SkyAtmosphere.FastSkyLUT:1]]
[2020.10.21-20.25.52:916][  0]LogConfig: Setting CVar [[r.SkyAtmosphere.FastSkyLUT.SampleCountMin:4.0]]
[2020.10.21-20.25.52:916][  0]LogConfig: Setting CVar [[r.SkyAtmosphere.FastSkyLUT.SampleCountMax:32.0]]
[2020.10.21-20.25.52:916][  0]LogConfig: Setting CVar [[r.SkyAtmosphere.SampleCountMin:4.0]]
[2020.10.21-20.25.52:916][  0]LogConfig: Setting CVar [[r.SkyAtmosphere.SampleCountMax:32.0]]
[2020.10.21-20.25.52:916][  0]LogConfig: Setting CVar [[r.SkyAtmosphere.TransmittanceLUT.UseSmallFormat:0]]
[2020.10.21-20.25.52:916][  0]LogConfig: Setting CVar [[r.SkyAtmosphere.TransmittanceLUT.SampleCount:10.0]]
[2020.10.21-20.25.52:916][  0]LogConfig: Setting CVar [[r.SkyAtmosphere.MultiScatteringLUT.SampleCount:15.0]]
[2020.10.21-20.25.52:916][  0]LogConfig: Applying CVar settings from Section [FoliageQuality@3] File [D:/Designed Games/Dissolve/EnvironmentArt/Saved/Config/Windows/Scalability.ini]
[2020.10.21-20.25.52:916][  0]LogConfig: Setting CVar [[foliage.DensityScale:1.0]]
[2020.10.21-20.25.52:916][  0]LogConfig: Setting CVar [[grass.DensityScale:1.0]]
[2020.10.21-20.25.52:916][  0]LogConfig: Applying CVar settings from Section [ShadingQuality@3] File [D:/Designed Games/Dissolve/EnvironmentArt/Saved/Config/Windows/Scalability.ini]
[2020.10.21-20.25.52:916][  0]LogConfig: Setting CVar [[r.HairStrands.SkyLighting.SampleCount:16]]
[2020.10.21-20.25.52:916][  0]LogConfig: Setting CVar [[r.HairStrands.SkyLighting.JitterIntegration:0]]
[2020.10.21-20.25.52:916][  0]LogConfig: Setting CVar [[r.HairStrands.SkyAO.SampleCount:16]]
[2020.10.21-20.25.52:916][  0]LogConfig: Setting CVar [[r.HairStrands.DeepShadow.SuperSampling:0]]
[2020.10.21-20.25.52:916][  0]LogConfig: Setting CVar [[r.HairStrands.VisibilityPPLL:0]]
[2020.10.21-20.25.52:916][  0]LogConfig: Setting CVar [[r.HairStrands.RasterizationScale:0.5]]
[2020.10.21-20.25.52:916][  0]LogConfig: Setting CVar [[r.HairStrands.VelocityRasterizationScale:1]]
[2020.10.21-20.25.52:916][  0]LogInit: Selected Device Profile: [Windows]
[2020.10.21-20.25.52:916][  0]LogInit: Applying CVar settings loaded from the selected device profile: [Windows]
[2020.10.21-20.25.52:916][  0]LogHAL: Display: Platform has ~ 16 GB [17108172800 / 17179869184 / 16], which maps to Larger [LargestMinGB=32, LargerMinGB=12, DefaultMinGB=8, SmallerMinGB=6, SmallestMinGB=0)
[2020.10.21-20.25.52:916][  0]LogInit: Going up to parent DeviceProfile []
[2020.10.21-20.25.52:916][  0]LogConfig: Applying CVar settings from Section [ViewDistanceQuality@3] File [D:/Designed Games/Dissolve/EnvironmentArt/Saved/Config/Windows/Scalability.ini]
[2020.10.21-20.25.52:916][  0]LogConfig: Setting CVar [[r.SkeletalMeshLODBias:0]]
[2020.10.21-20.25.52:916][  0]LogConfig: Setting CVar [[r.ViewDistanceScale:1.0]]
[2020.10.21-20.25.52:916][  0]LogConfig: Applying CVar settings from Section [AntiAliasingQuality@3] File [D:/Designed Games/Dissolve/EnvironmentArt/Saved/Config/Windows/Scalability.ini]
[2020.10.21-20.25.52:916][  0]LogConfig: Setting CVar [[r.PostProcessAAQuality:4]]
[2020.10.21-20.25.52:916][  0]LogConfig: Applying CVar settings from Section [ShadowQuality@3] File [D:/Designed Games/Dissolve/EnvironmentArt/Saved/Config/Windows/Scalability.ini]
[2020.10.21-20.25.52:916][  0]LogConfig: Setting CVar [[r.LightFunctionQuality:1]]
[2020.10.21-20.25.52:916][  0]LogConfig: Setting CVar [[r.ShadowQuality:5]]
[2020.10.21-20.25.52:916][  0]LogConfig: Setting CVar [[r.Shadow.CSM.MaxCascades:10]]
[2020.10.21-20.25.52:916][  0]LogConfig: Setting CVar [[r.Shadow.MaxResolution:2048]]
[2020.10.21-20.25.52:916][  0]LogConfig: Setting CVar [[r.Shadow.MaxCSMResolution:2048]]
[2020.10.21-20.25.52:916][  0]LogConfig: Setting CVar [[r.Shadow.RadiusThreshold:0.01]]
[2020.10.21-20.25.52:916][  0]LogConfig: Setting CVar [[r.Shadow.DistanceScale:1.0]]
[2020.10.21-20.25.52:916][  0]LogConfig: Setting CVar [[r.Shadow.CSM.TransitionScale:1.0]]
[2020.10.21-20.25.52:916][  0]LogConfig: Setting CVar [[r.Shadow.PreShadowResolutionFactor:1.0]]
[2020.10.21-20.25.52:916][  0]LogConfig: Setting CVar [[r.DistanceFieldShadowing:1]]
[2020.10.21-20.25.52:916][  0]LogConfig: Setting CVar [[r.DistanceFieldAO:1]]
[2020.10.21-20.25.52:916][  0]LogConfig: Setting CVar [[r.AOQuality:2]]
[2020.10.21-20.25.52:916][  0]LogConfig: Setting CVar [[r.VolumetricFog:1]]
[2020.10.21-20.25.52:916][  0]LogConfig: Setting CVar [[r.VolumetricFog.GridPixelSize:8]]
[2020.10.21-20.25.52:916][  0]LogConfig: Setting CVar [[r.VolumetricFog.GridSizeZ:128]]
[2020.10.21-20.25.52:916][  0]LogConfig: Setting CVar [[r.VolumetricFog.HistoryMissSupersampleCount:4]]
[2020.10.21-20.25.52:916][  0]LogConfig: Setting CVar [[r.LightMaxDrawDistanceScale:1]]
[2020.10.21-20.25.52:916][  0]LogConfig: Setting CVar [[r.CapsuleShadows:1]]
[2020.10.21-20.25.52:916][  0]LogConfig: Applying CVar settings from Section [PostProcessQuality@3] File [D:/Designed Games/Dissolve/EnvironmentArt/Saved/Config/Windows/Scalability.ini]
[2020.10.21-20.25.52:916][  0]LogConfig: Setting CVar [[r.MotionBlurQuality:4]]
[2020.10.21-20.25.52:916][  0]LogConfig: Setting CVar [[r.AmbientOcclusionMipLevelFactor:0.4]]
[2020.10.21-20.25.52:916][  0]LogConfig: Setting CVar [[r.AmbientOcclusionMaxQuality:100]]
[2020.10.21-20.25.52:916][  0]LogConfig: Setting CVar [[r.AmbientOcclusionLevels:-1]]
[2020.10.21-20.25.52:916][  0]LogConfig: Setting CVar [[r.AmbientOcclusionRadiusScale:1.0]]
[2020.10.21-20.25.52:917][  0]LogConfig: Setting CVar [[r.DepthOfFieldQuality:2]]
[2020.10.21-20.25.52:917][  0]LogConfig: Setting CVar [[r.RenderTargetPoolMin:400]]
[2020.10.21-20.25.52:917][  0]LogConfig: Setting CVar [[r.LensFlareQuality:2]]
[2020.10.21-20.25.52:917][  0]LogConfig: Setting CVar [[r.SceneColorFringeQuality:1]]
[2020.10.21-20.25.52:917][  0]LogConfig: Setting CVar [[r.EyeAdaptationQuality:2]]
[2020.10.21-20.25.52:917][  0]LogConfig: Setting CVar [[r.BloomQuality:5]]
[2020.10.21-20.25.52:917][  0]LogConfig: Setting CVar [[r.FastBlurThreshold:100]]
[2020.10.21-20.25.52:917][  0]LogConfig: Setting CVar [[r.Upscale.Quality:3]]
[2020.10.21-20.25.52:917][  0]LogConfig: Setting CVar [[r.Tonemapper.GrainQuantization:1]]
[2020.10.21-20.25.52:917][  0]LogConfig: Setting CVar [[r.LightShaftQuality:1]]
[2020.10.21-20.25.52:917][  0]LogConfig: Setting CVar [[r.Filter.SizeScale:1]]
[2020.10.21-20.25.52:917][  0]LogConfig: Setting CVar [[r.Tonemapper.Quality:5]]
[2020.10.21-20.25.52:917][  0]LogConfig: Setting CVar [[r.DOF.Gather.AccumulatorQuality:1        ; higher gathering accumulator quality]]
[2020.10.21-20.25.52:917][  0]LogConfig: Setting CVar [[r.DOF.Gather.PostfilterMethod:1          ; Median3x3 postfilering method]]
[2020.10.21-20.25.52:917][  0]LogConfig: Setting CVar [[r.DOF.Gather.EnableBokehSettings:0       ; no bokeh simulation when gathering]]
[2020.10.21-20.25.52:917][  0]LogConfig: Setting CVar [[r.DOF.Gather.RingCount:4                 ; medium number of samples when gathering]]
[2020.10.21-20.25.52:917][  0]LogConfig: Setting CVar [[r.DOF.Scatter.ForegroundCompositing:1    ; additive foreground scattering]]
[2020.10.21-20.25.52:917][  0]LogConfig: Setting CVar [[r.DOF.Scatter.BackgroundCompositing:2    ; additive background scattering]]
[2020.10.21-20.25.52:917][  0]LogConfig: Setting CVar [[r.DOF.Scatter.EnableBokehSettings:1      ; bokeh simulation when scattering]]
[2020.10.21-20.25.52:917][  0]LogConfig: Setting CVar [[r.DOF.Scatter.MaxSpriteRatio:0.1         ; only a maximum of 10% of scattered bokeh]]
[2020.10.21-20.25.52:917][  0]LogConfig: Setting CVar [[r.DOF.Recombine.Quality:1                ; cheap slight out of focus]]
[2020.10.21-20.25.52:917][  0]LogConfig: Setting CVar [[r.DOF.Recombine.EnableBokehSettings:0    ; no bokeh simulation on slight out of focus]]
[2020.10.21-20.25.52:917][  0]LogConfig: Setting CVar [[r.DOF.TemporalAAQuality:1                ; more stable temporal accumulation]]
[2020.10.21-20.25.52:917][  0]LogConfig: Setting CVar [[r.DOF.Kernel.MaxForegroundRadius:0.025]]
[2020.10.21-20.25.52:917][  0]LogConfig: Setting CVar [[r.DOF.Kernel.MaxBackgroundRadius:0.025]]
[2020.10.21-20.25.52:917][  0]LogConfig: Applying CVar settings from Section [TextureQuality@3] File [D:/Designed Games/Dissolve/EnvironmentArt/Saved/Config/Windows/Scalability.ini]
[2020.10.21-20.25.52:917][  0]LogConfig: Setting CVar [[r.Streaming.MipBias:0]]
[2020.10.21-20.25.52:917][  0]LogConfig: Setting CVar [[r.Streaming.AmortizeCPUToGPUCopy:0]]
[2020.10.21-20.25.52:917][  0]LogConfig: Setting CVar [[r.Streaming.MaxNumTexturesToStreamPerFrame:0]]
[2020.10.21-20.25.52:917][  0]LogConfig: Setting CVar [[r.Streaming.Boost:1]]
[2020.10.21-20.25.52:917][  0]LogConfig: Setting CVar [[r.MaxAnisotropy:8]]
[2020.10.21-20.25.52:917][  0]LogConfig: Setting CVar [[r.VT.MaxAnisotropy:8]]
[2020.10.21-20.25.52:917][  0]LogConfig: Setting CVar [[r.Streaming.LimitPoolSizeToVRAM:0]]
[2020.10.21-20.25.52:917][  0]LogConfig: Setting CVar [[r.Streaming.PoolSize:1000]]
[2020.10.21-20.25.52:917][  0]LogConfig: Setting CVar [[r.Streaming.MaxEffectiveScreenSize:0]]
[2020.10.21-20.25.52:917][  0]LogConfig: Applying CVar settings from Section [EffectsQuality@3] File [D:/Designed Games/Dissolve/EnvironmentArt/Saved/Config/Windows/Scalability.ini]
[2020.10.21-20.25.52:917][  0]LogConfig: Setting CVar [[r.TranslucencyLightingVolumeDim:64]]
[2020.10.21-20.25.52:917][  0]LogConfig: Setting CVar [[r.RefractionQuality:2]]
[2020.10.21-20.25.52:917][  0]LogConfig: Setting CVar [[r.SSR.Quality:3]]
[2020.10.21-20.25.52:917][  0]LogConfig: Setting CVar [[r.SSR.HalfResSceneColor:0]]
[2020.10.21-20.25.52:917][  0]LogConfig: Setting CVar [[r.SceneColorFormat:4]]
[2020.10.21-20.25.52:917][  0]LogConfig: Setting CVar [[r.DetailMode:2]]
[2020.10.21-20.25.52:917][  0]LogConfig: Setting CVar [[r.TranslucencyVolumeBlur:1]]
[2020.10.21-20.25.52:917][  0]LogConfig: Setting CVar [[r.MaterialQualityLevel:1 ; High quality]]
[2020.10.21-20.25.52:917][  0]LogConfig: Setting CVar [[r.SSS.Scale:1]]
[2020.10.21-20.25.52:917][  0]LogConfig: Setting CVar [[r.SSS.SampleSet:2]]
[2020.10.21-20.25.52:917][  0]LogConfig: Setting CVar [[r.SSS.Quality:1]]
[2020.10.21-20.25.52:917][  0]LogConfig: Setting CVar [[r.SSS.HalfRes:0]]
[2020.10.21-20.25.52:917][  0]LogConfig: Setting CVar [[r.SSGI.Quality:3]]
[2020.10.21-20.25.52:917][  0]LogConfig: Setting CVar [[r.EmitterSpawnRateScale:1.0]]
[2020.10.21-20.25.52:917][  0]LogConfig: Setting CVar [[r.ParticleLightQuality:2]]
[2020.10.21-20.25.52:917][  0]LogConfig: Setting CVar [[r.SkyAtmosphere.AerialPerspectiveLUT.FastApplyOnOpaque:1 ; Always have FastSkyLUT 1 in this case to avoid wrong sky]]
[2020.10.21-20.25.52:917][  0]LogConfig: Setting CVar [[r.SkyAtmosphere.AerialPerspectiveLUT.SampleCountPerSlice:1]]
[2020.10.21-20.25.52:917][  0]LogConfig: Setting CVar [[r.SkyAtmosphere.AerialPerspectiveLUT.DepthResolution:16.0]]
[2020.10.21-20.25.52:917][  0]LogConfig: Setting CVar [[r.SkyAtmosphere.FastSkyLUT:1]]
[2020.10.21-20.25.52:917][  0]LogConfig: Setting CVar [[r.SkyAtmosphere.FastSkyLUT.SampleCountMin:4.0]]
[2020.10.21-20.25.52:917][  0]LogConfig: Setting CVar [[r.SkyAtmosphere.FastSkyLUT.SampleCountMax:32.0]]
[2020.10.21-20.25.52:917][  0]LogConfig: Setting CVar [[r.SkyAtmosphere.SampleCountMin:4.0]]
[2020.10.21-20.25.52:917][  0]LogConfig: Setting CVar [[r.SkyAtmosphere.SampleCountMax:32.0]]
[2020.10.21-20.25.52:917][  0]LogConfig: Setting CVar [[r.SkyAtmosphere.TransmittanceLUT.UseSmallFormat:0]]
[2020.10.21-20.25.52:917][  0]LogConfig: Setting CVar [[r.SkyAtmosphere.TransmittanceLUT.SampleCount:10.0]]
[2020.10.21-20.25.52:917][  0]LogConfig: Setting CVar [[r.SkyAtmosphere.MultiScatteringLUT.SampleCount:15.0]]
[2020.10.21-20.25.52:917][  0]LogConfig: Applying CVar settings from Section [FoliageQuality@3] File [D:/Designed Games/Dissolve/EnvironmentArt/Saved/Config/Windows/Scalability.ini]
[2020.10.21-20.25.52:917][  0]LogConfig: Setting CVar [[foliage.DensityScale:1.0]]
[2020.10.21-20.25.52:917][  0]LogConfig: Setting CVar [[grass.DensityScale:1.0]]
[2020.10.21-20.25.52:917][  0]LogConfig: Applying CVar settings from Section [ShadingQuality@3] File [D:/Designed Games/Dissolve/EnvironmentArt/Saved/Config/Windows/Scalability.ini]
[2020.10.21-20.25.52:917][  0]LogConfig: Setting CVar [[r.HairStrands.SkyLighting.SampleCount:16]]
[2020.10.21-20.25.52:917][  0]LogConfig: Setting CVar [[r.HairStrands.SkyLighting.JitterIntegration:0]]
[2020.10.21-20.25.52:917][  0]LogConfig: Setting CVar [[r.HairStrands.SkyAO.SampleCount:16]]
[2020.10.21-20.25.52:917][  0]LogConfig: Setting CVar [[r.HairStrands.DeepShadow.SuperSampling:0]]
[2020.10.21-20.25.52:917][  0]LogConfig: Setting CVar [[r.HairStrands.VisibilityPPLL:0]]
[2020.10.21-20.25.52:917][  0]LogConfig: Setting CVar [[r.HairStrands.RasterizationScale:0.5]]
[2020.10.21-20.25.52:917][  0]LogConfig: Setting CVar [[r.HairStrands.VelocityRasterizationScale:1]]
[2020.10.21-20.25.52:917][  0]LogConfig: Applying CVar settings from Section [Startup] File [../../../Engine/Config/ConsoleVariables.ini]
[2020.10.21-20.25.52:918][  0]LogConfig: Setting CVar [[net.UseAdaptiveNetUpdateFrequency:0]]
[2020.10.21-20.25.52:918][  0]LogConfig: Setting CVar [[p.chaos.AllowCreatePhysxBodies:1]]
[2020.10.21-20.25.52:918][  0]LogConfig: Setting CVar [[fx.SkipVectorVMBackendOptimizations:1]]
[2020.10.21-20.25.52:918][  0]LogConfig: Applying CVar settings from Section [ConsoleVariables] File [D:/Designed Games/Dissolve/EnvironmentArt/Saved/Config/Windows/Engine.ini]
[2020.10.21-20.25.52:918][  0]LogInit: Computer: DESKTOP-ITLOH16
[2020.10.21-20.25.52:918][  0]LogInit: User: Ryan
[2020.10.21-20.25.52:918][  0]LogInit: CPU Page size=4096, Cores=6
[2020.10.21-20.25.52:918][  0]LogInit: High frequency timer resolution =10.000000 MHz
[2020.10.21-20.25.52:918][  0]LogMemory: Memory total: Physical=15.9GB (16GB approx)
[2020.10.21-20.25.52:918][  0]LogMemory: Platform Memory Stats for Windows
[2020.10.21-20.25.52:918][  0]LogMemory: Process Physical Memory: 118.63 MB used, 118.64 MB peak
[2020.10.21-20.25.52:918][  0]LogMemory: Process Virtual Memory: 97.11 MB used, 97.11 MB peak
[2020.10.21-20.25.52:918][  0]LogMemory: Physical Memory: 4854.95 MB used,  11460.68 MB free, 16315.62 MB total
[2020.10.21-20.25.52:918][  0]LogMemory: Virtual Memory: 5167.17 MB used,  134212560.00 MB free, 134217728.00 MB total
[2020.10.21-20.25.52:924][  0]LogWindows: WindowsPlatformFeatures enabled
[2020.10.21-20.25.52:955][  0]LogInit: Physics initialised using underlying interface: PhysX
[2020.10.21-20.25.52:956][  0]LogInit: Using OS detected language (en-US).
[2020.10.21-20.25.52:956][  0]LogInit: Using OS detected locale (en-US).
[2020.10.21-20.25.52:960][  0]LogTextLocalizationManager: No specific localization for 'en-US' exists, so the 'en' localization will be used.
[2020.10.21-20.25.53:130][  0]LogInit: Setting process to per monitor DPI aware
[2020.10.21-20.25.53:184][  0]LogSlate: New Slate User Created.  User Index 0, Is Virtual User: 0
[2020.10.21-20.25.53:184][  0]LogSlate: Slate User Registered.  User Index 0, Is Virtual User: 0
[2020.10.21-20.25.53:337][  0]LogHMD: Failed to initialize OpenVR with code 110
[2020.10.21-20.25.53:337][  0]LogD3D11RHI: D3D11 min allowed feature level: 11_0
[2020.10.21-20.25.53:337][  0]LogD3D11RHI: D3D11 max allowed feature level: 11_0
[2020.10.21-20.25.53:337][  0]LogD3D11RHI: D3D11 adapters:
[2020.10.21-20.25.53:367][  0]LogD3D11RHI:    0. 'Radeon RX 590 Series' (Feature Level 11_0)
[2020.10.21-20.25.53:367][  0]LogD3D11RHI:       8137/0/8157 MB DedicatedVideo/DedicatedSystem/SharedSystem, Outputs:1, VendorId:0x1002
[2020.10.21-20.25.53:370][  0]LogD3D11RHI:    1. 'Microsoft Basic Render Driver' (Feature Level 11_0)
[2020.10.21-20.25.53:370][  0]LogD3D11RHI:       0/0/8157 MB DedicatedVideo/DedicatedSystem/SharedSystem, Outputs:0, VendorId:0x1414
[2020.10.21-20.25.53:370][  0]LogD3D11RHI: Chosen D3D11 Adapter: 0
[2020.10.21-20.25.53:377][  0]LogD3D11RHI: Creating new Direct3DDevice
[2020.10.21-20.25.53:377][  0]LogD3D11RHI:     GPU DeviceId: 0x67df (for the marketing name, search the web for "GPU Device Id")
[2020.10.21-20.25.53:377][  0]LogWindows: EnumDisplayDevices:
[2020.10.21-20.25.53:377][  0]LogWindows:    0. 'Radeon RX 590 Series' (P:1 D:1)
[2020.10.21-20.25.53:377][  0]LogWindows:    1. 'Radeon RX 590 Series' (P:0 D:0)
[2020.10.21-20.25.53:378][  0]LogWindows:    2. 'Radeon RX 590 Series' (P:0 D:0)
[2020.10.21-20.25.53:378][  0]LogWindows:    3. 'Radeon RX 590 Series' (P:0 D:0)
[2020.10.21-20.25.53:378][  0]LogWindows:    4. 'Radeon RX 590 Series' (P:0 D:0)
[2020.10.21-20.25.53:379][  0]LogWindows:    5. 'Radeon RX 590 Series' (P:0 D:0)
[2020.10.21-20.25.53:379][  0]LogWindows:    6. 'Radeon RX 590 Series' (P:0 D:0)
[2020.10.21-20.25.53:379][  0]LogWindows:    7. 'Radeon RX 590 Series' (P:0 D:0)
[2020.10.21-20.25.53:379][  0]LogWindows: DebugString: FoundDriverCount:8 
[2020.10.21-20.25.53:379][  0]LogD3D11RHI:     Adapter Name: Radeon RX 590 Series
[2020.10.21-20.25.53:379][  0]LogD3D11RHI:   Driver Version: Adrenalin 19.20 (internal:26.20.12028.2, unified:26.20.12028.2)
[2020.10.21-20.25.53:379][  0]LogD3D11RHI:      Driver Date: 8-16-2019
[2020.10.21-20.25.53:379][  0]LogRHI: Texture pool is 5158 MB (70% of 7369 MB)
[2020.10.21-20.25.53:434][  0]LogD3D11RHI: RHI does not have support for 64 bit atomics
[2020.10.21-20.25.53:434][  0]LogD3D11RHI: Async texture creation enabled
[2020.10.21-20.25.53:434][  0]LogD3D11RHI: Array index from any shader is supported
[2020.10.21-20.25.53:446][  0]LogD3D11RHI: GPU Timing Frequency: 25.000000 (Debug: 2 1)
[2020.10.21-20.25.53:713][  0]LogTargetPlatformManager: Display: Loaded TargetPlatform 'AllDesktop'
[2020.10.21-20.25.53:736][  0]LogTargetPlatformManager: Display: Loaded TargetPlatform 'Android'
[2020.10.21-20.25.53:736][  0]LogTargetPlatformManager: Display: Loaded TargetPlatform 'Android_ASTC'
[2020.10.21-20.25.53:736][  0]LogTargetPlatformManager: Display: Loaded TargetPlatform 'Android_DXT'
[2020.10.21-20.25.53:736][  0]LogTargetPlatformManager: Display: Loaded TargetPlatform 'Android_ETC2'
[2020.10.21-20.25.53:736][  0]LogTargetPlatformManager: Display: Loaded TargetPlatform 'AndroidClient'
[2020.10.21-20.25.53:736][  0]LogTargetPlatformManager: Display: Loaded TargetPlatform 'Android_ASTCClient'
[2020.10.21-20.25.53:736][  0]LogTargetPlatformManager: Display: Loaded TargetPlatform 'Android_DXTClient'
[2020.10.21-20.25.53:736][  0]LogTargetPlatformManager: Display: Loaded TargetPlatform 'Android_ETC2Client'
[2020.10.21-20.25.53:736][  0]LogTargetPlatformManager: Display: Loaded TargetPlatform 'Android_Multi'
[2020.10.21-20.25.53:736][  0]LogTargetPlatformManager: Display: Loaded TargetPlatform 'Android_MultiClient'
[2020.10.21-20.25.53:764][  0]LogTargetPlatformManager: Display: Loaded TargetPlatform 'IOSClient'
[2020.10.21-20.25.53:764][  0]LogTargetPlatformManager: Display: Loaded TargetPlatform 'IOS'
[2020.10.21-20.25.53:775][  0]LogTargetPlatformManager: Display: Loaded TargetPlatform 'Linux'
[2020.10.21-20.25.53:784][  0]LogTargetPlatformManager: Display: Loaded TargetPlatform 'LinuxNoEditor'
[2020.10.21-20.25.53:796][  0]LogTargetPlatformManager: Display: Loaded TargetPlatform 'LinuxClient'
[2020.10.21-20.25.53:805][  0]LogTargetPlatformManager: Display: Loaded TargetPlatform 'LinuxServer'
[2020.10.21-20.25.53:815][  0]LogTargetPlatformManager: Display: Loaded TargetPlatform 'LinuxAArch64NoEditor'
[2020.10.21-20.25.53:825][  0]LogTargetPlatformManager: Display: Loaded TargetPlatform 'LinuxAArch64Client'
[2020.10.21-20.25.53:834][  0]LogTargetPlatformManager: Display: Loaded TargetPlatform 'LinuxAArch64Server'
[2020.10.21-20.25.53:862][  0]LogTargetPlatformManager: Display: Loaded TargetPlatform 'Lumin'
[2020.10.21-20.25.53:862][  0]LogTargetPlatformManager: Display: Loaded TargetPlatform 'LuminClient'
[2020.10.21-20.25.53:884][  0]LogTargetPlatformManager: Display: Loaded TargetPlatform 'TVOSClient'
[2020.10.21-20.25.53:884][  0]LogTargetPlatformManager: Display: Loaded TargetPlatform 'TVOS'
[2020.10.21-20.25.53:894][  0]LogTargetPlatformManager: Display: Loaded TargetPlatform 'WindowsNoEditor'
[2020.10.21-20.25.53:903][  0]LogTargetPlatformManager: Display: Loaded TargetPlatform 'Windows'
[2020.10.21-20.25.53:913][  0]LogTargetPlatformManager: Display: Loaded TargetPlatform 'WindowsClient'
[2020.10.21-20.25.53:922][  0]LogTargetPlatformManager: Display: Loaded TargetPlatform 'WindowsServer'
[2020.10.21-20.25.53:922][  0]LogTargetPlatformManager: Display: Building Assets For Windows
[2020.10.21-20.25.53:930][  0]LogAudioDebug: Display: Lib vorbis DLL was dynamically loaded.
[2020.10.21-20.25.53:993][  0]LogShaderCompilers: Guid format shader working directory is 3 characters bigger than the processId version (D:/Designed Games/Dissolve/EnvironmentArt/Intermediate/Shaders/WorkingDirectory/12168/).
[2020.10.21-20.25.53:993][  0]LogShaderCompilers: Cleaned the shader compiler working directory 'C:/Users/Ryan/AppData/Local/Temp/UnrealShaderWorkingDir/97B665A14E3FA5F05C1875A09359200A/'.
[2020.10.21-20.25.53:993][  0]LogXGEController: Cannot use XGE Controller as Incredibuild is not installed on this machine.
[2020.10.21-20.25.53:994][  0]LogShaderCompilers: Cannot use XGE Shader Compiler as Incredibuild is not installed on this machine.
[2020.10.21-20.25.53:994][  0]LogShaderCompilers: Display: Using Local Shader Compiler.
[2020.10.21-20.25.54:744][  0]LogDerivedDataCache: Display: Max Cache Size: 512 MB
[2020.10.21-20.25.54:790][  0]LogDerivedDataCache: Loaded boot cache 0.05s 76MB C:/Users/Ryan/AppData/Local/UnrealEngine/4.25/DerivedDataCache/Boot.ddc.
[2020.10.21-20.25.54:790][  0]LogDerivedDataCache: Display: Loaded Boot cache: C:/Users/Ryan/AppData/Local/UnrealEngine/4.25/DerivedDataCache/Boot.ddc
[2020.10.21-20.25.54:791][  0]LogDerivedDataCache: FDerivedDataBackendGraph:  Pak pak cache file D:/Designed Games/Dissolve/EnvironmentArt/DerivedDataCache/DDC.ddp not found, will not use a pak cache.
[2020.10.21-20.25.54:791][  0]LogDerivedDataCache: Unable to find inner node Pak for hierarchical cache Hierarchy.
[2020.10.21-20.25.54:791][  0]LogDerivedDataCache: FDerivedDataBackendGraph:  CompressedPak pak cache file D:/Designed Games/Dissolve/EnvironmentArt/DerivedDataCache/Compressed.ddp not found, will not use a pak cache.
[2020.10.21-20.25.54:791][  0]LogDerivedDataCache: Unable to find inner node CompressedPak for hierarchical cache Hierarchy.
[2020.10.21-20.25.54:803][  0]LogDerivedDataCache: Display: Pak cache opened for reading ../../../Engine/DerivedDataCache/Compressed.ddp.
[2020.10.21-20.25.54:803][  0]LogDerivedDataCache: FDerivedDataBackendGraph:  EnterprisePak pak cache file ../../../Enterprise/DerivedDataCache/Compressed.ddp not found, will not use a pak cache.
[2020.10.21-20.25.54:803][  0]LogDerivedDataCache: Unable to find inner node EnterprisePak for hierarchical cache Hierarchy.
[2020.10.21-20.25.54:805][  0]LogDerivedDataCache: Using Local data cache path C:/Users/Ryan/AppData/Local/UnrealEngine/Common/DerivedDataCache: Writable
[2020.10.21-20.25.54:805][  0]LogDerivedDataCache: Shared data cache path not found in *engine.ini, will not use an Shared cache.
[2020.10.21-20.25.54:805][  0]LogDerivedDataCache: Unable to find inner node Shared for hierarchical cache Hierarchy.
[2020.10.21-20.25.54:857][  0]LogSlate: Using FreeType 2.10.0
[2020.10.21-20.25.54:858][  0]LogSlate: SlateFontServices - WITH_FREETYPE: 1, WITH_HARFBUZZ: 1
[2020.10.21-20.25.54:881][  0]LogAssetRegistry: FAssetRegistry took 0.0026 seconds to start up
[2020.10.21-20.25.55:119][  0]LogInit: Selected Device Profile: [Windows]
[2020.10.21-20.25.55:300][  0]LogMeshReduction: Using QuadricMeshReduction for automatic static mesh reduction
[2020.10.21-20.25.55:300][  0]LogMeshReduction: Using SimplygonMeshReduction for automatic skeletal mesh reduction
[2020.10.21-20.25.55:300][  0]LogMeshReduction: Using ProxyLODMeshReduction for automatic mesh merging
[2020.10.21-20.25.55:300][  0]LogMeshReduction: No distributed automatic mesh merging module available
[2020.10.21-20.25.55:300][  0]LogMeshMerging: No distributed automatic mesh merging module available
[2020.10.21-20.25.55:316][  0]LogNetVersion: EnvironmentArt_RShef 1.0.0, NetCL: 13144385, EngineNetVer: 14, GameNetVer: 0 (Checksum: 1250585393)
[2020.10.21-20.25.55:711][  0]LogAISub: UAISubsystem::UAISubsystem AISubsystem (00000212E9245380), frame # 0
[2020.10.21-20.25.55:711][  0]LogAISub: UAISubsystem::UAISubsystem AIPerceptionSystem (00000212E91A11C0), frame # 0
[2020.10.21-20.25.55:712][  0]LogAISub: UAISubsystem::UAISubsystem EnvQueryManager (00000212E91F1E00), frame # 0
[2020.10.21-20.25.57:008][  0]LogPackageLocalizationCache: Processed 20 localized package path(s) for 1 prioritized culture(s) in 1.290744 seconds
[2020.10.21-20.25.57:017][  0]LogUObjectArray: 15917 objects as part of root set at end of initial load.
[2020.10.21-20.25.57:017][  0]LogUObjectAllocator: 3965568 out of 0 bytes used by permanent object pool.
[2020.10.21-20.25.57:017][  0]LogUObjectArray: CloseDisregardForGC: 0/0 objects in disregard for GC pool
[2020.10.21-20.25.57:457][  0]LogTcpMessaging: Initializing TcpMessaging bridge
[2020.10.21-20.25.57:462][  0]LogUdpMessaging: Initializing bridge on interface 0.0.0.0:0 to multicast group 230.0.0.1:6666.
[2020.10.21-20.25.57:547][  0]SourceControl: Source control is disabled
[2020.10.21-20.25.57:547][  0]SourceControl: Source control is disabled
[2020.10.21-20.25.57:551][  0]SourceControl: Source control is disabled
[2020.10.21-20.25.57:554][  0]SourceControl: Source control is disabled
[2020.10.21-20.25.57:560][  0]SourceControl: Source control is disabled
[2020.10.21-20.25.58:175][  0]LogAndroidPermission: UAndroidPermissionCallbackProxy::GetInstance
[2020.10.21-20.25.58:197][  0]LogAudioCaptureCore: Display: No Audio Capture implementations found. Audio input will be silent.
[2020.10.21-20.25.58:197][  0]LogAudioCaptureCore: Display: No Audio Capture implementations found. Audio input will be silent.
[2020.10.21-20.25.58:225][  0]LogHoudiniEngine: Starting the Houdini Engine module.
[2020.10.21-20.25.58:226][  0]LogHoudiniEngine: Loaded libHAPIL.dll from Registry path C:/Program Files/Side Effects Software/Houdini 18.0.566/bin
[2020.10.21-20.25.58:227][  0]LogLinker: Warning: Asset '../../Plugins/Runtime/HoudiniEngine/Content/houdini_logo.uasset' has been saved with empty engine version. The asset will be loaded but may be incompatible.
[2020.10.21-20.25.58:229][  0]LogLinker: Warning: Asset '../../Plugins/Runtime/HoudiniEngine/Content/houdini_default_material.uasset' has been saved with empty engine version. The asset will be loaded but may be incompatible.
[2020.10.21-20.25.58:231][  0]LogLinker: Warning: Asset '../../Plugins/Runtime/HoudiniEngine/Content/houdini_bgeo_import.uasset' has been saved with empty engine version. The asset will be loaded but may be incompatible.
[2020.10.21-20.25.58:263][  0]LogOcInput: OculusInput pre-init called
[2020.10.21-20.25.58:275][  0]LogWindows: Failed to load 'OVRPlugin.dll' (GetLastError=126)
[2020.10.21-20.25.58:275][  0]LogWindows: File 'OVRPlugin.dll' does not exist
[2020.10.21-20.25.58:340][  0]LogEngine: Initializing Engine...
[2020.10.21-20.25.58:341][  0]LogHMD: Failed to initialize OpenVR with code 110
[2020.10.21-20.25.58:341][  0]LogMagicLeap: Warning: VR disabled because ZI is not enabled.  To enable, in the editor, Edit -> Project Settings -> Plugins -> Magic Leap Plugin -> Enable Zero Iteration
[2020.10.21-20.25.58:342][  0]LogStats: UGameplayTagsManager::InitializeManager -  0.000 s
[2020.10.21-20.25.58:453][  0]LogInit: Initializing FReadOnlyCVARCache
[2020.10.21-20.25.58:460][  0]LogAIModule: Creating AISystem for world Untitled
[2020.10.21-20.25.58:460][  0]LogAISub: UAISubsystem::UAISubsystem EnvQueryManager (00000212E9962800), frame # 0
[2020.10.21-20.25.58:460][  0]LogAISub: UAISubsystem::UAISubsystem AIPerceptionSystem (00000212E99B1F80), frame # 0
[2020.10.21-20.25.58:477][  0]LogAudioMixer: Display: Audio Mixer Platform Settings:
[2020.10.21-20.25.58:478][  0]LogAudioMixer: Display: 	Sample Rate:						  48000
[2020.10.21-20.25.58:478][  0]LogAudioMixer: Display: 	Callback Buffer Frame Size Requested: 1024
[2020.10.21-20.25.58:478][  0]LogAudioMixer: Display: 	Callback Buffer Frame Size To Use:	  1024
[2020.10.21-20.25.58:478][  0]LogAudioMixer: Display: 	Number of buffers to queue:			  2
[2020.10.21-20.25.58:478][  0]LogAudioMixer: Display: 	Max Channels (voices):				  32
[2020.10.21-20.25.58:478][  0]LogAudioMixer: Display: 	Number of Async Source Workers:		  0
[2020.10.21-20.25.58:478][  0]LogAudio: Display: AudioDevice MaxSources: 32
[2020.10.21-20.25.58:478][  0]LogAudio: Display: Using built-in audio occlusion.
[2020.10.21-20.25.58:478][  0]LogAudioMixer: Display: Initializing audio mixer.
[2020.10.21-20.25.58:489][  0]LogAudioMixer: Display: 0: FrontLeft
[2020.10.21-20.25.58:489][  0]LogAudioMixer: Display: 1: FrontRight
[2020.10.21-20.25.58:528][  0]LogAudioMixer: Display: Using Audio Device Speakers (High Definition Audio Device)
[2020.10.21-20.25.58:529][  0]LogAudioMixer: Display: Initializing Sound Submixes...
[2020.10.21-20.25.58:531][  0]LogAudioMixer: Display: Creating Master Submix 'MasterSubmixDefault'
[2020.10.21-20.25.58:531][  0]LogAudioMixer: Display: Creating Master Submix 'MasterReverbSubmixDefault'
[2020.10.21-20.25.58:532][  0]LogAudioMixer: Display: Creating Master Submix 'MasterEQSubmixDefault'
[2020.10.21-20.25.58:533][  0]LogInit: FAudioDevice initialized.
[2020.10.21-20.25.58:533][  0]LogNetVersion: Set ProjectVersion to 1.0.0.0. Version Checksum will be recalculated on next use.
[2020.10.21-20.25.58:610][  0]LogDerivedDataCache: Saved boot cache 0.08s 76MB C:/Users/Ryan/AppData/Local/UnrealEngine/4.25/DerivedDataCache/Boot.ddc.
[2020.10.21-20.25.58:614][  0]LogInit: Texture streaming: Enabled
[2020.10.21-20.25.58:632][  0]LogEngineSessionManager: EngineSessionManager initialized
[2020.10.21-20.25.58:632][  0]LogEditorSessionSummary: Verbose: Initializing EditorSessionSummaryWriter for editor session tracking
[2020.10.21-20.25.58:633][  0]LogEditorSessionSummary: EditorSessionSummaryWriter initialized
[2020.10.21-20.25.59:521][  0]LogInit: Transaction tracking system initialized
[2020.10.21-20.25.59:543][  0]BlueprintLog: New page: Editor Load
[2020.10.21-20.25.59:614][  0]LocalizationService: Localization service is disabled
[2020.10.21-20.25.59:847][  0]LogCook: Display: Max memory allowance for cook 16384mb min free memory 0mb
[2020.10.21-20.25.59:847][  0]LogCook: Display: Mobile HDR setting 1
[2020.10.21-20.25.59:980][  0]LogFileCache: Scanning file cache for directory 'D:/Designed Games/Dissolve/EnvironmentArt/Content/' took 0.00s
[2020.10.21-20.25.59:980][  0]LogHoudiniEngineEditor: Starting the Houdini Engine Editor module.
[2020.10.21-20.25.59:981][  0]LogHoudiniEngineEditor: Houdini Engine Editor module startup complete.
[2020.10.21-20.26.00:169][  0]SourceControl: Source control is disabled
[2020.10.21-20.26.00:169][  0]LogUnrealEdMisc: Loading editor; pre map load, took 9.282
[2020.10.21-20.26.00:169][  0]Cmd: MAP LOAD FILE="D:/Designed Games/Dissolve/EnvironmentArt/Content/ThirdPersonBP/Maps/ThirdPersonExampleMap.umap" TEMPLATE=0 SHOWPROGRESS=1 FEATURELEVEL=3
[2020.10.21-20.26.00:169][  0]LogEditorServer: Warning: Can't find file 'D:/Designed Games/Dissolve/EnvironmentArt/Content/ThirdPersonBP/Maps/ThirdPersonExampleMap.umap'
[2020.10.21-20.26.00:169][  0]Cmd: MAP CHECKDEP NOCLEARLOG
[2020.10.21-20.26.00:170][  0]MapCheck: Map check complete: 0 Error(s), 0 Warning(s), took 0.114ms to complete.
[2020.10.21-20.26.00:170][  0]LogFileHelpers: Loading map 'ThirdPersonExampleMap' took 0.000
[2020.10.21-20.26.00:172][  0]LogUnrealEdMisc: Total Editor Startup Time, took 9.285
[2020.10.21-20.26.00:351][  0]LogSlate: Updating window title bar state: overlay mode, drag disabled, window buttons hidden, title bar hidden
[2020.10.21-20.26.00:360][  0]LogSlate: Updating window title bar state: overlay mode, drag disabled, window buttons hidden, title bar hidden
[2020.10.21-20.26.00:369][  0]LogSlate: Updating window title bar state: overlay mode, drag disabled, window buttons hidden, title bar hidden
[2020.10.21-20.26.00:380][  0]LogSlate: Updating window title bar state: overlay mode, drag disabled, window buttons hidden, title bar hidden
[2020.10.21-20.26.00:403][  0]LogCollectionManager: Loaded 0 collections in 0.002743 seconds
[2020.10.21-20.26.00:431][  0]LogFileCache: Scanning file cache for directory 'D:/Designed Games/Dissolve/EnvironmentArt/Saved/Collections/' took 0.00s
[2020.10.21-20.26.00:431][  0]LogFileCache: Scanning file cache for directory 'D:/Designed Games/Dissolve/EnvironmentArt/Content/Developers/Ryan/Collections/' took 0.00s
[2020.10.21-20.26.00:431][  0]LogFileCache: Scanning file cache for directory 'D:/Designed Games/Dissolve/EnvironmentArt/Content/Collections/' took 0.00s
[2020.10.21-20.26.00:431][  0]LogContentBrowser: Native class hierarchy populated in 0.0105 seconds. Added 3464 classes and 828 folders.
[2020.10.21-20.26.00:438][  0]LogContentBrowser: Native class hierarchy updated for 'WidgetCarousel' in 0.0003 seconds. Added 0 classes and 0 folders.
[2020.10.21-20.26.00:776][  0]LogContentBrowser: Native class hierarchy updated for 'AddContentDialog' in 0.0004 seconds. Added 0 classes and 0 folders.
[2020.10.21-20.26.00:781][  0]LogContentBrowser: Native class hierarchy updated for 'SceneOutliner' in 0.0006 seconds. Added 2 classes and 0 folders.
[2020.10.21-20.26.01:005][  0]LogSlate: Took 0.000191 seconds to synchronously load lazily loaded font '../../../Engine/Content/Slate/Fonts/Roboto-Regular.ttf' (155K)
[2020.10.21-20.26.01:008][  0]LogSlate: Took 0.000184 seconds to synchronously load lazily loaded font '../../../Engine/Content/Slate/Fonts/Roboto-Bold.ttf' (160K)
[2020.10.21-20.26.01:020][  0]LogSlate: Took 0.006525 seconds to synchronously load lazily loaded font '../../../Engine/Content/Editor/Slate/Fonts/FontAwesome.ttf' (139K)
[2020.10.21-20.26.01:126][  0]LogRenderer: Reallocating scene render targets to support 1224x600 Format 10 NumSamples 1 (Frame:1).
[2020.10.21-20.26.01:212][  0]LogContentBrowser: Native class hierarchy updated for 'HierarchicalLODOutliner' in 0.0003 seconds. Added 0 classes and 0 folders.
[2020.10.21-20.26.01:212][  0]LogLoad: (Engine Initialization) Total time: 10.33 seconds
[2020.10.21-20.26.01:212][  0]LogLoad: (Engine Initialization) Total Blueprint compile time: 0.00 seconds
[2020.10.21-20.26.01:253][  0]LogAssetRegistry: Asset discovery search completed in 6.3722 seconds
[2020.10.21-20.26.01:256][  0]LogCollectionManager: Fixed up redirectors for 0 collections in 0.000002 seconds (updated 0 objects)
[2020.10.21-20.26.01:257][  0]LogContentStreaming: Texture pool size now 1000 MB
[2020.10.21-20.26.01:272][  0]LogSlate: Took 0.006631 seconds to synchronously load lazily loaded font '../../../Engine/Content/Slate/Fonts/Roboto-Light.ttf' (167K)
[2020.10.21-20.26.01:306][  0]LogSlate: Took 0.000156 seconds to synchronously load lazily loaded font '../../../Engine/Content/Slate/Fonts/Roboto-Light.ttf' (167K)
[2020.10.21-20.28.57:571][ 16]LogAssetEditorSubsystem: Opening Asset editor for LevelSequence /Game/Sequence.Sequence
[2020.10.21-20.28.57:819][ 16]LogAssetEditorSubsystem: Opening Asset editor for MaterialInstanceConstant /Game/ImageRefMat_Inst.ImageRefMat_Inst
[2020.10.21-20.28.58:219][ 16]LogAssetEditorSubsystem: Opening Asset editor for Material /Game/Mat_Brown.Mat_Brown
[2020.10.21-20.28.58:220][ 16]LogMaterial: Display: Missing cached shader map for material Mat_Brown, compiling. 
[2020.10.21-20.28.58:330][ 16]LogMaterial: Display: Missing cached shader map for material Mat_Brown, compiling. 
[2020.10.21-20.28.58:338][ 16]LogMaterial: Display: Missing cached shader map for material Mat_Brown, compiling. 
[2020.10.21-20.28.58:352][ 16]LogShaderCompilers: Display: Worker (1/9): shaders left to compile 11
[2020.10.21-20.28.58:352][ 16]LogShaderCompilers: Display: Worker (2/9): shaders left to compile 10
[2020.10.21-20.28.58:352][ 16]LogShaderCompilers: Display: Worker (3/9): shaders left to compile 9
[2020.10.21-20.28.58:352][ 16]LogShaderCompilers: Display: Worker (4/9): shaders left to compile 8
[2020.10.21-20.28.58:352][ 16]LogShaderCompilers: Display: Worker (5/9): shaders left to compile 7
[2020.10.21-20.28.58:352][ 16]LogShaderCompilers: Display: Worker (6/9): shaders left to compile 6
[2020.10.21-20.28.58:352][ 16]LogShaderCompilers: Display: Worker (7/9): shaders left to compile 5
[2020.10.21-20.28.58:352][ 16]LogShaderCompilers: Display: Worker (8/9): shaders left to compile 4
[2020.10.21-20.28.58:356][ 16]LogMaterial: Display: Missing cached shader map for material FMatExpressionPreview MaterialExpressionConstant3Vector_0, compiling. 
[2020.10.21-20.28.58:419][ 16]LogSlate: Took 0.000245 seconds to synchronously load lazily loaded font '../../../Engine/Content/Slate/Fonts/Roboto-BoldCondensed.ttf' (158K)
[2020.10.21-20.28.58:450][ 16]LogSlate: Took 0.009536 seconds to synchronously load lazily loaded font '../../../Engine/Content/Slate/Fonts/Roboto-Italic.ttf' (157K)
[2020.10.21-20.28.59:280][ 45]LogShaderCompilers: Display: Worker (8/9): shaders left to compile 7
[2020.10.21-20.28.59:302][ 46]LogShaderCompilers: Display: Worker (4/9): shaders left to compile 6
[2020.10.21-20.28.59:434][ 53]LogShaderCompilers: Display: Worker (3/9): shaders left to compile 5
[2020.10.21-20.28.59:538][ 58]LogShaderCompilers: Display: Worker (2/9): shaders left to compile 4
[2020.10.21-20.28.59:538][ 58]LogShaderCompilers: Display: Worker (6/9): shaders left to compile 3
[2020.10.21-20.28.59:558][ 59]LogShaderCompilers: Display: Worker (1/9): shaders left to compile 2
[2020.10.21-20.28.59:558][ 59]LogShaderCompilers: Display: Worker (7/9): shaders left to compile 1
[2020.10.21-20.29.00:025][ 81]MaterialEditorStats: Base pass shader: 118 instructions
[2020.10.21-20.29.00:025][ 81]MaterialEditorStats: Base pass shader with Surface Lightmap: 145 instructions
[2020.10.21-20.29.00:025][ 81]MaterialEditorStats: Base pass shader with Volumetric Lightmap: 192 instructions
[2020.10.21-20.29.00:025][ 81]MaterialEditorStats: Base pass vertex shader: 40 instructions
[2020.10.21-20.29.00:025][ 81]MaterialEditorStats: Texture samplers: 2/16
[2020.10.21-20.29.00:043][ 81]LogSlate: Took 0.007910 seconds to synchronously load lazily loaded font '../../../Engine/Content/Slate/Fonts/DroidSansMono.ttf' (77K)
[2020.10.21-20.29.02:706][342]LogSlate: Window 'Mat_Brown' being destroyed
[2020.10.21-20.29.02:709][342]LogSlate: Window 'Mat_Brown' being destroyed
[2020.10.21-20.29.03:063][342]LogWorld: UWorld::CleanupWorld for World_0, bSessionEnded=true, bCleanupResources=true
[2020.10.21-20.29.03:063][342]LogSlate: InvalidateAllWidgets triggered.  All widgets were invalidated
[2020.10.21-20.29.03:114][342]LogWorld: UWorld::CleanupWorld for World_1, bSessionEnded=true, bCleanupResources=true
[2020.10.21-20.29.03:114][342]LogSlate: InvalidateAllWidgets triggered.  All widgets were invalidated
[2020.10.21-20.31.11:322][745]LogAssetEditorSubsystem: Opening Asset editor for World /Game/Environment.Environment
[2020.10.21-20.31.11:339][745]LogUObjectHash: Compacting FUObjectHashTables data took   0.93ms
[2020.10.21-20.31.11:343][745]Cmd: MAP LOAD FILE="D:/Designed Games/Dissolve/EnvironmentArt/Content/Environment.umap" TEMPLATE=0 SHOWPROGRESS=1 FEATURELEVEL=3
[2020.10.21-20.31.11:343][745]LightingResults: New page: Lighting Build
[2020.10.21-20.31.11:344][745]LogContentBrowser: Native class hierarchy updated for 'StatsViewer' in 0.0003 seconds. Added 6 classes and 0 folders.
[2020.10.21-20.31.11:344][745]LoadErrors: New page: Loading map: Environment.umap
[2020.10.21-20.31.11:372][745]LogWorld: UWorld::CleanupWorld for Untitled, bSessionEnded=true, bCleanupResources=true
[2020.10.21-20.31.11:372][745]LogSlate: InvalidateAllWidgets triggered.  All widgets were invalidated
[2020.10.21-20.31.11:372][745]MapCheck: New page: Map Check
[2020.10.21-20.31.11:372][745]LightingResults: New page: Lighting Build
[2020.10.21-20.31.11:385][745]LogAISub: UAISubsystem::~UAISubsystem EnvQueryManager (00000212E9962800), frame # 34745
[2020.10.21-20.31.11:385][745]LogAISub: UAISubsystem::~UAISubsystem AIPerceptionSystem (00000212E99B1F80), frame # 34745
[2020.10.21-20.31.11:385][745]LogUObjectHash: Compacting FUObjectHashTables data took   0.67ms
[2020.10.21-20.31.11:478][745]LogEditorServer: Finished looking for orphan Actors (0.000 secs)
[2020.10.21-20.31.11:478][745]LogAIModule: Creating AISystem for world Environment
[2020.10.21-20.31.11:478][745]LogAISub: UAISubsystem::UAISubsystem EnvQueryManager (000002128F7EEC00), frame # 34745
[2020.10.21-20.31.11:478][745]LogAISub: UAISubsystem::UAISubsystem AIPerceptionSystem (00000212D8F39800), frame # 34745
[2020.10.21-20.31.11:495][745]LogUObjectHash: Compacting FUObjectHashTables data took   0.66ms
[2020.10.21-20.31.11:524][745]Cmd: MAP CHECKDEP NOCLEARLOG
[2020.10.21-20.31.11:524][745]MapCheck: Map check complete: 0 Error(s), 0 Warning(s), took 0.113ms to complete.
[2020.10.21-20.31.11:524][745]LogFileHelpers: Loading map 'Environment' took 0.181
[2020.10.21-20.31.25:544][226]LogAssetEditorSubsystem: Opening Asset editor for LevelSequence /Game/Sequence.Sequence
[2020.10.21-20.31.36:020][277]LogEditorViewport: Clicking on Actor (LMB): StaticMeshActor (Roof)
[2020.10.21-20.31.58:553][230]LogEditorViewport: Clicking on Actor (LMB): StaticMeshActor (Roof2)
[2020.10.21-20.32.12:634][492]LogEditorViewport: Clicking on Actor (LMB): StaticMeshActor (Roof)
[2020.10.21-20.32.13:941][627]LogEditorViewport: Clicking on Actor (LMB): StaticMeshActor (Roof2)
[2020.10.21-20.32.19:697][244]LogEditorViewport: Clicking on Actor (LMB): StaticMeshActor (Roof)
[2020.10.21-20.32.33:239][708]LogEditorViewport: Clicking on Actor (LMB): StaticMeshActor (Roof2)
[2020.10.21-20.32.53:542][923]LogEditorViewport: Clicking on Actor (LMB): StaticMeshActor (Roof)
[2020.10.21-20.32.57:568][357]LogEditorViewport: Clicking on Actor (LMB): BP_Sky_Sphere_C (SkySphereBlueprint)
[2020.10.21-20.33.05:614][169]LogEditorViewport: Clicking on Actor (LMB): BP_Sky_Sphere_C (SkySphereBlueprint)
[2020.10.21-20.33.06:229][230]LogEditorViewport: Clicking on Actor (LMB): StaticMeshActor (Roof)
[2020.10.21-20.33.11:922][727]Cmd: TRANSACTION UNDO
[2020.10.21-20.33.11:922][727]LogEditorTransaction: Undo Set Location
[2020.10.21-20.33.12:535][751]LogEditorViewport: Clicking on Actor (LMB): StaticMeshActor (Roof2)
[2020.10.21-20.33.28:189][206]LogEditorViewport: Clicking on Actor (LMB): StaticMeshActor (Roof)
[2020.10.21-20.33.39:867][465]LogEditorViewport: Clicking on Actor (LMB): BP_Sky_Sphere_C (SkySphereBlueprint)
[2020.10.21-20.33.45:222][ 34]LogEditorViewport: Clicking on Actor (LMB): StaticMeshActor (Roof)
[2020.10.21-20.33.57:399][368]LogEditorViewport: Clicking on Actor (LMB): StaticMeshActor (Roof2)
[2020.10.21-20.36.50:014][616]LogEditorViewport: Clicking on Actor (LMB): StaticMeshActor (LowerOverhang)
[2020.10.21-20.36.52:689][898]LogEditorViewport: Clicking on Actor (LMB): Brush (Box Brush23)
[2020.10.21-20.36.55:912][240]LogEditorViewport: Clicking on Actor (LMB): StaticMeshActor (Floor)
[2020.10.21-20.36.57:933][454]LogEditorViewport: Clicking on Actor (LMB): StaticMeshActor (Sphere7)
[2020.10.21-20.36.58:518][509]LogEditorViewport: Clicking on Actor (LMB): StaticMeshActor (Sphere15)
[2020.10.21-20.36.59:485][608]LogEditorViewport: Clicking on Actor (LMB): StaticMeshActor (Sphere5)
[2020.10.21-20.37.00:062][663]LogEditorViewport: Clicking on Actor (LMB): StaticMeshActor (Sphere13)
[2020.10.21-20.37.00:458][698]LogEditorViewport: Clicking on Actor (LMB): StaticMeshActor (Sphere3)
[2020.10.21-20.37.01:938][852]LogEditorViewport: Clicking on Actor (LMB): StaticMeshActor (Roof2)
[2020.10.21-20.37.02:982][958]LogEditorViewport: Clicking on Actor (LMB): StaticMeshActor (Roof)
[2020.10.21-20.41.09:825][271]LogUObjectHash: Compacting FUObjectHashTables data took   0.75ms
[2020.10.21-20.41.10:165][271]Cmd: OBJ SAVEPACKAGE PACKAGE="/Game/Environment" FILE="D:/Designed Games/Dissolve/EnvironmentArt/Saved/Autosaves/Game/Environment_Auto1.umap" SILENT=true AUTOSAVING=true KEEPDIRTY=false
[2020.10.21-20.41.10:748][271]LogSavePackage: Moving 'D:/Designed Games/Dissolve/EnvironmentArt/Saved/Environment_Auto15C4574844484CA712BF855A6D556736C.tmp' to 'D:/Designed Games/Dissolve/EnvironmentArt/Saved/Autosaves/Game/Environment_Auto1.umap'
[2020.10.21-20.41.10:814][271]LogFileHelpers: Editor autosave (incl. sublevels) for '/Game/Environment' took 1.002
[2020.10.21-20.41.10:814][271]LogFileHelpers: Editor autosave (incl. sublevels) for all levels took 1.002
[2020.10.21-20.42.20:068][325]LogAssetEditorSubsystem: Opening Asset editor for Material /Game/ImageRefMat.ImageRefMat
[2020.10.21-20.42.20:069][325]LogMaterial: Display: Missing cached shader map for material ImageRefMat, compiling. 
[2020.10.21-20.42.20:517][325]LogMaterial: Display: Missing cached shader map for material ImageRefMat, compiling. 
[2020.10.21-20.42.20:522][325]LogMaterial: Display: Missing cached shader map for material ImageRefMat, compiling. 
[2020.10.21-20.42.20:530][325]LogShaderCompilers: Display: Worker (1/9): shaders left to compile 4
[2020.10.21-20.42.20:530][325]LogShaderCompilers: Display: Worker (2/9): shaders left to compile 3
[2020.10.21-20.42.20:530][325]LogShaderCompilers: Display: Worker (3/9): shaders left to compile 2
[2020.10.21-20.42.20:530][325]LogShaderCompilers: Display: Worker (4/9): shaders left to compile 1
[2020.10.21-20.42.20:530][325]LogMaterial: Display: Missing cached shader map for material FMatExpressionPreview MaterialExpressionTextureSample_0, compiling. 
[2020.10.21-20.42.20:599][325]LogShaderCompilers: Display: Worker (5/9): shaders left to compile 4
[2020.10.21-20.42.20:599][325]LogShaderCompilers: Display: Worker (6/9): shaders left to compile 3
[2020.10.21-20.42.20:600][325]LogShaderCompilers: Display: Worker (7/9): shaders left to compile 2
[2020.10.21-20.42.20:600][325]LogShaderCompilers: Display: Worker (8/9): shaders left to compile 1
[2020.10.21-20.42.21:275][348]MaterialEditorStats: Base pass shader without light map: 38 instructions
[2020.10.21-20.42.21:275][348]MaterialEditorStats: Base pass vertex shader: 40 instructions
[2020.10.21-20.42.21:275][348]MaterialEditorStats: Texture samplers: 2/16
[2020.10.21-20.42.21:275][348]MaterialEditorStats: Texture Lookups (Est.): VS(0), PS(2)
[2020.10.21-20.42.22:583][441]LogAssetEditorSubsystem: Opening Asset editor for MaterialInstanceConstant /Game/ImageRefMat_Inst.ImageRefMat_Inst
[2020.10.21-20.42.33:487][326]Cmd: TRANSACTION UNDO
[2020.10.21-20.42.33:487][326]LogEditorTransaction: Undo Edit Opacity
[2020.10.21-20.42.33:506][326]LogMaterial: Display: Missing cached shader map for material ImageRefMat, compiling. 
[2020.10.21-20.42.33:520][326]LogShaderCompilers: Display: Worker (1/9): shaders left to compile 4
[2020.10.21-20.42.33:520][326]LogShaderCompilers: Display: Worker (2/9): shaders left to compile 3
[2020.10.21-20.42.33:520][326]LogShaderCompilers: Display: Worker (3/9): shaders left to compile 2
[2020.10.21-20.42.33:520][326]LogShaderCompilers: Display: Worker (4/9): shaders left to compile 1
[2020.10.21-20.42.33:806][331]Cmd: TRANSACTION UNDO
[2020.10.21-20.42.33:806][331]LogEditorTransaction: Undo Move Actors
[2020.10.21-20.42.33:838][331]LogMaterial: Display: Missing cached shader map for material ImageRefMat, compiling. 
[2020.10.21-20.42.33:841][331]LogShaderCompilers: Display: Worker (2/9): shaders left to compile 4
[2020.10.21-20.42.33:841][331]LogShaderCompilers: Display: Worker (3/9): shaders left to compile 3
[2020.10.21-20.42.33:841][331]LogShaderCompilers: Display: Worker (4/9): shaders left to compile 2
[2020.10.21-20.42.33:841][331]LogShaderCompilers: Display: Worker (5/9): shaders left to compile 1
[2020.10.21-20.42.34:215][345]MaterialEditorStats: Base pass shader without light map: 38 instructions
[2020.10.21-20.42.34:215][345]MaterialEditorStats: Base pass vertex shader: 40 instructions
[2020.10.21-20.42.34:215][345]MaterialEditorStats: Texture samplers: 2/16
[2020.10.21-20.42.34:215][345]MaterialEditorStats: Texture Lookups (Est.): VS(0), PS(2)
[2020.10.21-20.42.34:349][356]Cmd: TRANSACTION UNDO
[2020.10.21-20.42.34:349][356]LogEditorTransaction: Undo Move Actors
[2020.10.21-20.42.34:385][356]LogMaterial: Display: Missing cached shader map for material ImageRefMat, compiling. 
[2020.10.21-20.42.34:400][356]LogShaderCompilers: Display: Worker (1/9): shaders left to compile 4
[2020.10.21-20.42.34:400][356]LogShaderCompilers: Display: Worker (2/9): shaders left to compile 3
[2020.10.21-20.42.34:400][356]LogShaderCompilers: Display: Worker (3/9): shaders left to compile 2
[2020.10.21-20.42.34:400][356]LogShaderCompilers: Display: Worker (4/9): shaders left to compile 1
[2020.10.21-20.42.34:801][377]MaterialEditorStats: Base pass shader without light map: 38 instructions
[2020.10.21-20.42.34:801][377]MaterialEditorStats: Base pass vertex shader: 40 instructions
[2020.10.21-20.42.34:801][377]MaterialEditorStats: Texture samplers: 2/16
[2020.10.21-20.42.34:801][377]MaterialEditorStats: Texture Lookups (Est.): VS(0), PS(2)
[2020.10.21-20.44.23:957][690]Cmd: DELETE
[2020.10.21-20.44.23:957][690]Cmd: ACTOR DELETE
[2020.10.21-20.44.24:377][690]LogEditorActor: Deleted Actor: StaticMeshActor
[2020.10.21-20.44.24:396][690]LogUObjectHash: Compacting FUObjectHashTables data took   0.76ms
[2020.10.21-20.44.24:398][690]LogEditorActor: Deleted 1 Actors (0.424 secs)
[2020.10.21-20.45.50:298][371]LogSlate: Window 'FBX Export Options' being destroyed
[2020.10.21-20.45.50:410][371]LogFbx: Warning: FBX version number for this version of the FBX SDK is 7.5.0


[2020.10.21-20.45.56:120][909]LogWindows: Windows GetLastError: The operation completed successfully. (0)
[2020.10.21-20.45.59:702][909]LogOutputDevice: Warning: 

Script Stack (0 frames):

[2020.10.21-20.45.59:702][909]LogWindows: Windows GetLastError: The operation completed successfully. (0)
[2020.10.21-20.45.59:703][909]LogThreadingWindows: Error: Runnable thread RenderThread 28 crashed.
[2020.10.21-20.45.59:703][909]LogWindows: Error: === Critical error: ===
[2020.10.21-20.45.59:703][909]LogWindows: Error: 
[2020.10.21-20.45.59:703][909]LogWindows: Error: Fatal error: [File:D:/Build/++UE4+Licensee/Sync/Engine/Source/Runtime/RenderCore/Private/RenderingThread.cpp] [Line: 855] 
[2020.10.21-20.45.59:703][909]LogWindows: Error: Rendering thread exception:
[2020.10.21-20.45.59:703][909]LogWindows: Error: Assertion failed: (StartIndex + IndexCount) * IndexBuffer->GetStride() <= IndexBuffer->GetSize() [File:D:/Build/++UE4+Licensee/Sync/Engine/Source/Runtime/Windows/D3D11RHI/Private/D3D11Commands.cpp] [Line: 1818] 
[2020.10.21-20.45.59:703][909]LogWindows: Error: Start 0, Count 114, Type 0, Buffer Size 16, Buffer stride 16
[2020.10.21-20.45.59:703][909]LogWindows: Error: 
[2020.10.21-20.45.59:703][909]LogWindows: Error: 
[2020.10.21-20.45.59:703][909]LogWindows: Error: [Callstack] 0x00007ffc07193e49 KERNELBASE.dll!UnknownFunction []
[2020.10.21-20.45.59:703][909]LogWindows: Error: [Callstack] 0x00007ffbbc05e9e6 UE4Editor-Core.dll!UnknownFunction []
[2020.10.21-20.45.59:703][909]LogWindows: Error: [Callstack] 0x00007ffbbc061dc8 UE4Editor-Core.dll!UnknownFunction []
[2020.10.21-20.45.59:703][909]LogWindows: Error: [Callstack] 0x00007ffbbbdee53d UE4Editor-Core.dll!UnknownFunction []
[2020.10.21-20.45.59:703][909]LogWindows: Error: [Callstack] 0x00007ffbbbd797b5 UE4Editor-Core.dll!UnknownFunction []
[2020.10.21-20.45.59:703][909]LogWindows: Error: [Callstack] 0x00007ffbbbd7baf0 UE4Editor-Core.dll!UnknownFunction []
[2020.10.21-20.45.59:703][909]LogWindows: Error: [Callstack] 0x00007ffbac94748d UE4Editor-D3D11RHI.dll!UnknownFunction []
[2020.10.21-20.45.59:703][909]LogWindows: Error: [Callstack] 0x00007ffbac8fcaba UE4Editor-D3D11RHI.dll!UnknownFunction []
[2020.10.21-20.45.59:703][909]LogWindows: Error: [Callstack] 0x00007ffbd2a12a91 UE4Editor-RHI.dll!UnknownFunction []
[2020.10.21-20.45.59:703][909]LogWindows: Error: [Callstack] 0x00007ffbafc76cdb UE4Editor-Renderer.dll!UnknownFunction []
[2020.10.21-20.45.59:703][909]LogWindows: Error: [Callstack] 0x00007ffbd2a1b830 UE4Editor-RHI.dll!UnknownFunction []
[2020.10.21-20.45.59:703][909]LogWindows: Error: [Callstack] 0x00007ffbd2a1b364 UE4Editor-RHI.dll!UnknownFunction []
[2020.10.21-20.45.59:703][909]LogWindows: Error: [Callstack] 0x00007ffbd2a1be7d UE4Editor-RHI.dll!UnknownFunction []
[2020.10.21-20.45.59:703][909]LogWindows: Error: [Callstack] 0x00007ffbd2a14a1e UE4Editor-RHI.dll!UnknownFunction []
[2020.10.21-20.45.59:703][909]LogWindows: Error: [Callstack] 0x00007ffbd2a196cf UE4Editor-RHI.dll!UnknownFunction []
[2020.10.21-20.45.59:703][909]LogWindows: Error: [Callstack] 0x00007ffbd2a1b830 UE4Editor-RHI.dll!UnknownFunction []
[2020.10.21-20.45.59:703][909]LogWindows: Error: [Callstack] 0x00007ffbd2a1b364 UE4Editor-RHI.dll!UnknownFunction []
[2020.10.21-20.45.59:703][909]LogWindows: Error: [Callstack] 0x00007ffbd2a1c456 UE4Editor-RHI.dll!UnknownFunction []
[2020.10.21-20.45.59:703][909]LogWindows: Error: [Callstack] 0x00007ffbd2a10efa UE4Editor-RHI.dll!UnknownFunction []
[2020.10.21-20.45.59:703][909]LogWindows: Error: [Callstack] 0x00007ffbb02b445f UE4Editor-Renderer.dll!UnknownFunction []
[2020.10.21-20.45.59:703][909]LogWindows: Error: [Callstack] 0x00007ffbafd33e86 UE4Editor-Renderer.dll!UnknownFunction []
[2020.10.21-20.45.59:703][909]LogWindows: Error: [Callstack] 0x00007ffbb02b5c81 UE4Editor-Renderer.dll!UnknownFunction []
[2020.10.21-20.45.59:703][909]LogWindows: Error: [Callstack] 0x00007ffbb029f898 UE4Editor-Renderer.dll!UnknownFunction []
[2020.10.21-20.45.59:703][909]LogWindows: Error: [Callstack] 0x00007ffbb02a24fd UE4Editor-Renderer.dll!UnknownFunction []
[2020.10.21-20.45.59:703][909]LogWindows: Error: [Callstack] 0x00007ffbbbb987d8 UE4Editor-Core.dll!UnknownFunction []
[2020.10.21-20.45.59:703][909]LogWindows: Error: [Callstack] 0x00007ffbbbb98aa3 UE4Editor-Core.dll!UnknownFunction []
[2020.10.21-20.45.59:703][909]LogWindows: Error: [Callstack] 0x00007ffbd0e6f892 UE4Editor-RenderCore.dll!UnknownFunction []
[2020.10.21-20.45.59:703][909]LogWindows: Error: [Callstack] 0x00007ffbd0e753d4 UE4Editor-RenderCore.dll!UnknownFunction []
[2020.10.21-20.45.59:703][909]LogWindows: Error: [Callstack] 0x00007ffbbc08025b UE4Editor-Core.dll!UnknownFunction []
[2020.10.21-20.45.59:703][909]LogWindows: Error: [Callstack] 0x00007ffbbc077c30 UE4Editor-Core.dll!UnknownFunction []
[2020.10.21-20.45.59:703][909]LogWindows: Error: [Callstack] 0x00007ffc09307034 KERNEL32.DLL!UnknownFunction []
[2020.10.21-20.45.59:703][909]LogWindows: Error: [Callstack] 0x00007ffc098bcec1 ntdll.dll!UnknownFunction []
[2020.10.21-20.45.59:703][909]LogWindows: Error: 
[2020.10.21-20.45.59:703][909]LogWindows: Error: 
[2020.10.21-20.45.59:703][909]LogWindows: Error: 
[2020.10.21-20.45.59:703][909]LogWindows: Error: 
[2020.10.21-20.45.59:703][909]LogWindows: Error: Crash in runnable thread RenderThread 28
[2020.10.21-20.45.59:707][909]LogWindows: Error: HandleError re-entered.
[2020.10.21-20.45.59:709][909]LogWindows: FPlatformMisc::RequestExit(1)
[2020.10.21-20.45.59:709][909]LogCore: Engine exit requested (reason: Win RequestExit)
